<?xml version="1.0" encoding="UTF-8"?>
<testsuite xmlns:xsi="http://www.w3.org/2001/XMLSchema-instance" xsi:noNamespaceSchemaLocation="https://maven.apache.org/surefire/maven-failsafe-plugin/xsd/failsafe-test-report-3.0.xsd" version="3.0" name="starter.CucumberTestSuite" time="36.11" tests="28" errors="0" skipped="0" failures="0">
  <properties>
[...]
</properties>
  <testcase name="POST - Register with valid data" classname="Register" time="8.858">
    <system-out><![CDATA[15:52:55.535 [main] DEBUG net.thucydides.core.guice.Injectors - Created injector for module net.thucydides.core.guice.ThucydidesModule
15:52:56.133 [main] DEBUG io.cucumber.core.plugin.SerenityReporter - Running feature from file:///D:/download/API_Minpro%20(1)/APIMinpro/API/minpro/src/test/resources/features/1.%20Register.feature
15:52:56.473 [main] DEBUG net.thucydides.core.guice.Injectors - Created injector for module net.thucydides.core.guice.webdriver.WebDriverModule
15:52:56.496 [main] INFO  - 

-------------------------------------------------------------------------------------
     _______. _______ .______       _______ .__   __.  __  .___________.____    ____ 
    /       ||   ____||   _  \     |   ____||  \ |  | |  | |           |\   \  /   / 
   |   (----`|  |__   |  |_)  |    |  |__   |   \|  | |  | `---|  |----` \   \/   /  
    \   \    |   __|  |      /     |   __|  |  . `  | |  |     |  |       \_    _/   
.----)   |   |  |____ |  |\  \----.|  |____ |  |\   | |  |     |  |         |  |     
|_______/    |_______|| _| `._____||_______||__| \__| |__|     |__|         |__|    
                                                                                     
 News and tutorials at http://www.serenity-bdd.info                                  
 Documentation at https://wakaleo.gitbooks.io/the-serenity-book/content/             
 Join the Serenity Community on Gitter: https://gitter.im/serenity-bdd/serenity-core 
 Serenity BDD Support and Training at http://serenity-bdd.info/#/trainingandsupport  
-------------------------------------------------------------------------------------

15:52:56.500 [main] DEBUG net.thucydides.core.steps.StepEventBus - Test suite started for story net.thucydides.core.model.Story@773abe6e
15:52:56.505 [main] INFO  - Test Suite Started: Register
15:52:56.519 [main] DEBUG io.cucumber.core.plugin.SerenityReporter - Running feature from file:///D:/download/API_Minpro%20(1)/APIMinpro/API/minpro/src/test/resources/features/2.%20Login.feature
15:52:56.526 [main] DEBUG net.thucydides.core.steps.StepEventBus - Test suite started for story net.thucydides.core.model.Story@86b1dd01
15:52:56.527 [main] INFO  - Test Suite Started: Login
15:52:56.528 [main] DEBUG io.cucumber.core.plugin.SerenityReporter - Running feature from file:///D:/download/API_Minpro%20(1)/APIMinpro/API/minpro/src/test/resources/features/3.%20User.feature
15:52:56.540 [main] DEBUG net.thucydides.core.steps.StepEventBus - Test suite started for story net.thucydides.core.model.Story@11e807f1
15:52:56.541 [main] INFO  - Test Suite Started: User Information
15:52:56.541 [main] DEBUG io.cucumber.core.plugin.SerenityReporter - Running feature from file:///D:/download/API_Minpro%20(1)/APIMinpro/API/minpro/src/test/resources/features/4.%20Categories.feature
15:52:56.548 [main] DEBUG net.thucydides.core.steps.StepEventBus - Test suite started for story net.thucydides.core.model.Story@1b5f86d1
15:52:56.549 [main] INFO  - Test Suite Started: Categories
15:52:56.549 [main] DEBUG io.cucumber.core.plugin.SerenityReporter - Running feature from file:///D:/download/API_Minpro%20(1)/APIMinpro/API/minpro/src/test/resources/features/5.%20Product.feature
15:52:56.555 [main] DEBUG net.thucydides.core.steps.StepEventBus - Test suite started for story net.thucydides.core.model.Story@5c78189e
15:52:56.556 [main] INFO  - Test Suite Started: Product
15:52:56.556 [main] DEBUG io.cucumber.core.plugin.SerenityReporter - Running feature from file:///D:/download/API_Minpro%20(1)/APIMinpro/API/minpro/src/test/resources/features/6.%20Order.feature
15:52:56.567 [main] DEBUG net.thucydides.core.steps.StepEventBus - Test suite started for story net.thucydides.core.model.Story@421cad1d
15:52:56.568 [main] INFO  - Test Suite Started: Order
15:52:56.568 [main] DEBUG io.cucumber.core.plugin.SerenityReporter - Running feature from file:///D:/download/API_Minpro%20(1)/APIMinpro/API/minpro/src/test/resources/features/7.%20Rating.feature
15:52:56.572 [main] DEBUG net.thucydides.core.steps.StepEventBus - Test suite started for story net.thucydides.core.model.Story@a2cc97b4
15:52:56.573 [main] INFO  - Test Suite Started: Rating
15:52:56.574 [main] DEBUG io.cucumber.core.plugin.SerenityReporter - Running feature from file:///D:/download/API_Minpro%20(1)/APIMinpro/API/minpro/src/test/resources/features/1.%20Register.feature
15:52:56.579 [main] DEBUG net.thucydides.core.steps.StepEventBus - Test suite started for story net.thucydides.core.model.Story@773abe6e
15:52:56.580 [main] INFO  - Test Suite Started: Register

Scenario: POST - Register with valid data              &amp#27;[90m# src/test/resources/features/1. Register.feature:7&amp#27;[0m
15:52:56.733 [main] DEBUG io.cucumber.core.plugin.SerenityReporter - Running feature from file:///D:/download/API_Minpro%20(1)/APIMinpro/API/minpro/src/test/resources/features/1.%20Register.feature
15:52:57.012 [main] INFO  - 
  _____   ___   ___   _____     ___   _____     _     ___   _____   ___   ___  
 |_   _| | __| / __| |_   _|   / __| |_   _|   /_\   | _ \ |_   _| | __| |   \ 
   | |   | _|  \__ \   | |     \__ \   | |    / _ \  |   /   | |   | _|  | |) |
   |_|   |___| |___/   |_|     |___/   |_|   /_/ \_\ |_|_\   |_|   |___| |___/ 

POST - Register with valid data(register;post---register-with-valid-data)
--------------------------------------------------------------------------------
15:52:57.114 [main] DEBUG net.thucydides.core.requirements.model.cucumber.CucumberParser - Loading feature D:\download\API_Minpro (1)\APIMinpro\API\minpro\src\test\resources\features\1. Register.feature
15:52:57.151 [main] DEBUG net.thucydides.core.requirements.model.cucumber.CucumberParser - Loading feature D:\download\API_Minpro (1)\APIMinpro\API\minpro\src\test\resources\features\2. Login.feature
15:52:57.162 [main] DEBUG net.thucydides.core.requirements.model.cucumber.CucumberParser - Loading feature D:\download\API_Minpro (1)\APIMinpro\API\minpro\src\test\resources\features\3. User.feature
15:52:57.170 [main] DEBUG net.thucydides.core.requirements.model.cucumber.CucumberParser - Loading feature D:\download\API_Minpro (1)\APIMinpro\API\minpro\src\test\resources\features\4. Categories.feature
15:52:57.205 [main] DEBUG net.thucydides.core.requirements.model.cucumber.CucumberParser - Loading feature D:\download\API_Minpro (1)\APIMinpro\API\minpro\src\test\resources\features\5. Product.feature
15:52:57.224 [main] DEBUG net.thucydides.core.requirements.model.cucumber.CucumberParser - Loading feature D:\download\API_Minpro (1)\APIMinpro\API\minpro\src\test\resources\features\6. Order.feature
15:52:57.237 [main] DEBUG net.thucydides.core.requirements.model.cucumber.CucumberParser - Loading feature D:\download\API_Minpro (1)\APIMinpro\API\minpro\src\test\resources\features\7. Rating.feature
15:52:58.085 [main] DEBUG net.thucydides.core.steps.StepInterceptor - STARTING STEP: RegisterSteps.setPostApiEndpointsRegister - I set POST api endpoints register
15:52:58.088 [main] DEBUG net.thucydides.core.steps.StepInterceptor - STEP DONE: I set POST api endpoints register
  &amp#27;[32mGiven &amp#27;[0m&amp#27;[32mI set POST api endpoints register&amp#27;[0m              &amp#27;[90m# starter.stepdefinitions.RegisterSteps.setPostApiEndpointsRegister()&amp#27;[0m
15:52:58.120 [main] DEBUG net.thucydides.core.steps.StepInterceptor - STARTING STEP: RegisterSteps.sendPostHttpRequestRegister - I send POST HTTP request register
15:53:02.404 [main] DEBUG net.thucydides.core.steps.StepInterceptor - STARTING STEP: Register.sendPostHttpRequestRegister - I set POST api endpoints register
15:53:02.404 [main] DEBUG net.thucydides.core.steps.StepInterceptor - STEP DONE: I set POST api endpoints register
15:53:04.239 [main] DEBUG org.apache.http.impl.conn.BasicClientConnectionManager - Get connection for route {s}->https://altashop-api.fly.dev:443
15:53:04.261 [main] DEBUG org.apache.http.impl.conn.DefaultClientConnectionOperator - Connecting to altashop-api.fly.dev:443
15:53:05.023 [main] DEBUG org.apache.http.client.protocol.RequestAddCookies - CookieSpec selected: ignoreCookies
15:53:05.025 [main] DEBUG org.apache.http.client.protocol.RequestAuthCache - Auth cache not set in the context
15:53:05.025 [main] DEBUG org.apache.http.client.protocol.RequestTargetAuthentication - Target auth state: UNCHALLENGED
15:53:05.025 [main] DEBUG org.apache.http.client.protocol.RequestProxyAuthentication - Proxy auth state: UNCHALLENGED
15:53:05.026 [main] DEBUG org.apache.http.impl.client.DefaultHttpClient - Attempt 1 to execute request
15:53:05.026 [main] DEBUG org.apache.http.impl.conn.DefaultClientConnection - Sending request: POST /api/auth/register HTTP/1.1
15:53:05.026 [main] DEBUG org.apache.http.wire -  >> "POST /api/auth/register HTTP/1.1[\r][\n]"
15:53:05.027 [main] DEBUG org.apache.http.wire -  >> "Accept: */*[\r][\n]"
15:53:05.028 [main] DEBUG org.apache.http.wire -  >> "Content-Type: application/json[\r][\n]"
15:53:05.028 [main] DEBUG org.apache.http.wire -  >> "Content-Length: 70[\r][\n]"
15:53:05.028 [main] DEBUG org.apache.http.wire -  >> "Host: altashop-api.fly.dev[\r][\n]"
15:53:05.028 [main] DEBUG org.apache.http.wire -  >> "Connection: Keep-Alive[\r][\n]"
15:53:05.028 [main] DEBUG org.apache.http.wire -  >> "User-Agent: Apache-HttpClient/4.5.13 (Java/19.0.2)[\r][\n]"
15:53:05.028 [main] DEBUG org.apache.http.wire -  >> "Accept-Encoding: gzip,deflate[\r][\n]"
15:53:05.028 [main] DEBUG org.apache.http.wire -  >> "[\r][\n]"
15:53:05.028 [main] DEBUG org.apache.http.headers - >> POST /api/auth/register HTTP/1.1
15:53:05.028 [main] DEBUG org.apache.http.headers - >> Accept: */*
15:53:05.028 [main] DEBUG org.apache.http.headers - >> Content-Type: application/json
15:53:05.028 [main] DEBUG org.apache.http.headers - >> Content-Length: 70
15:53:05.029 [main] DEBUG org.apache.http.headers - >> Host: altashop-api.fly.dev
15:53:05.029 [main] DEBUG org.apache.http.headers - >> Connection: Keep-Alive
15:53:05.029 [main] DEBUG org.apache.http.headers - >> User-Agent: Apache-HttpClient/4.5.13 (Java/19.0.2)
15:53:05.029 [main] DEBUG org.apache.http.headers - >> Accept-Encoding: gzip,deflate
15:53:05.029 [main] DEBUG org.apache.http.wire -  >> "{"password":"ccbhahachg","fullname":"ccbhahachg","email":"ccbhahachg"}"
15:53:05.253 [main] DEBUG org.apache.http.wire -  << "HTTP/1.1 200 OK[\r][\n]"
15:53:05.255 [main] DEBUG org.apache.http.wire -  << "content-type: application/json[\r][\n]"
15:53:05.255 [main] DEBUG org.apache.http.wire -  << "date: Wed, 10 May 2023 08:53:04 GMT[\r][\n]"
15:53:05.255 [main] DEBUG org.apache.http.wire -  << "content-encoding: gzip[\r][\n]"
15:53:05.255 [main] DEBUG org.apache.http.wire -  << "transfer-encoding: chunked[\r][\n]"
15:53:05.255 [main] DEBUG org.apache.http.wire -  << "server: Fly/3f2597ca (2023-05-03)[\r][\n]"
15:53:05.255 [main] DEBUG org.apache.http.wire -  << "via: 1.1 fly.io[\r][\n]"
15:53:05.255 [main] DEBUG org.apache.http.wire -  << "fly-request-id: 01H02DTC6RF9M6NXH7CGDSYHJD-sin[\r][\n]"
15:53:05.255 [main] DEBUG org.apache.http.wire -  << "[\r][\n]"
15:53:05.256 [main] DEBUG org.apache.http.impl.conn.DefaultClientConnection - Receiving response: HTTP/1.1 200 OK
15:53:05.256 [main] DEBUG org.apache.http.headers - << HTTP/1.1 200 OK
15:53:05.256 [main] DEBUG org.apache.http.headers - << content-type: application/json
15:53:05.257 [main] DEBUG org.apache.http.headers - << date: Wed, 10 May 2023 08:53:04 GMT
15:53:05.257 [main] DEBUG org.apache.http.headers - << content-encoding: gzip
15:53:05.257 [main] DEBUG org.apache.http.headers - << transfer-encoding: chunked
15:53:05.257 [main] DEBUG org.apache.http.headers - << server: Fly/3f2597ca (2023-05-03)
15:53:05.257 [main] DEBUG org.apache.http.headers - << via: 1.1 fly.io
15:53:05.257 [main] DEBUG org.apache.http.headers - << fly-request-id: 01H02DTC6RF9M6NXH7CGDSYHJD-sin
15:53:05.263 [main] DEBUG org.apache.http.impl.client.DefaultHttpClient - Connection can be kept alive indefinitely
15:53:05.273 [main] DEBUG io.restassured.internal.RestAssuredHttpBuilder - Parsing response as: application/json
15:53:05.274 [main] DEBUG org.apache.http.wire -  << "55[\r][\n]"
15:53:05.274 [main] DEBUG org.apache.http.wire -  << "[0x1f][0x8b][0x8][0x0][0x0][0x0][0x0][0x0][0x4][0xff][0xab]VJI,IT[0xb2][0xaa]V[0xf2]tQ[0xb2]22601[0xd1]Qr+[0xcd][0xc9][0xc9]K[0xcc]MU[0xb2]RJNN[0xca]H[0xcc]HL[0xce]HW[0xd2]Qr[0xcd]M[0xcc][0xcc]A[0x17][0xc]H,..[0xcf]/JA[0x15][0xaf][0xad][0xe5][0x2][0x0]}[0xc8][0xc5][0xda][[0x0][0x0][0x0]"
15:53:05.274 [main] DEBUG org.apache.http.wire -  << "[\r][\n]"
15:53:05.275 [main] DEBUG org.apache.http.wire -  << "0[\r][\n]"
15:53:05.281 [main] DEBUG org.apache.http.wire -  << "[\r][\n]"
15:53:05.282 [main] DEBUG io.restassured.internal.RestAssuredHttpBuilder - Parsed data to instance of: class org.apache.http.conn.EofSensorInputStream
15:53:05.364 [main] DEBUG org.apache.http.impl.conn.BasicClientConnectionManager - Releasing connection org.apache.http.impl.conn.ManagedClientConnectionImpl@71ee2fff
15:53:05.365 [main] DEBUG org.apache.http.impl.conn.BasicClientConnectionManager - Connection can be kept alive indefinitely
15:53:05.372 [main] DEBUG net.thucydides.core.steps.StepInterceptor - STEP DONE: I send POST HTTP request register
  &amp#27;[32mWhen &amp#27;[0m&amp#27;[32mI send POST HTTP request register&amp#27;[0m               &amp#27;[90m# starter.stepdefinitions.RegisterSteps.sendPostHttpRequestRegister()&amp#27;[0m
15:53:05.385 [main] DEBUG net.thucydides.core.steps.StepInterceptor - STARTING STEP: RegisterSteps.receiveValidHttp200Register - I receive valid HTTP response code 200 register
15:53:05.424 [main] DEBUG net.thucydides.core.steps.StepInterceptor - STEP DONE: I receive valid HTTP response code 200 register
  &amp#27;[32mThen &amp#27;[0m&amp#27;[32mI receive valid HTTP response code 200 register&amp#27;[0m &amp#27;[90m# starter.stepdefinitions.RegisterSteps.receiveValidHttp200Register()&amp#27;[0m
15:53:05.435 [main] INFO  - 
  _____   ___   ___   _____     ___     _     ___   ___   ___   ___  
 |_   _| | __| / __| |_   _|   | _ \   /_\   / __| / __| | __| |   \ 
   | |   | _|  \__ \   | |     |  _/  / _ \  \__ \ \__ \ | _|  | |) |
   |_|   |___| |___/   |_|     |_|   /_/ \_\ |___/ |___/ |___| |___/ 

POST - Register with valid data
----------------------------------------------------------------------
]]></system-out>
  </testcase>
  <testcase name="POST - Register without fullname" classname="Register" time="1.481">
    <system-out><![CDATA[
Scenario: POST - Register without fullname             &amp#27;[90m# src/test/resources/features/1. Register.feature:12&amp#27;[0m
15:53:05.552 [main] DEBUG io.cucumber.core.plugin.SerenityReporter - Running feature from file:///D:/download/API_Minpro%20(1)/APIMinpro/API/minpro/src/test/resources/features/1.%20Register.feature
15:53:05.561 [main] INFO  - 
  _____   ___   ___   _____     ___   _____     _     ___   _____   ___   ___  
 |_   _| | __| / __| |_   _|   / __| |_   _|   /_\   | _ \ |_   _| | __| |   \ 
   | |   | _|  \__ \   | |     \__ \   | |    / _ \  |   /   | |   | _|  | |) |
   |_|   |___| |___/   |_|     |___/   |_|   /_/ \_\ |_|_\   |_|   |___| |___/ 

POST - Register without fullname(register;post---register-without-fullname)
--------------------------------------------------------------------------------
15:53:05.639 [main] DEBUG net.thucydides.core.steps.StepInterceptor - STARTING STEP: RegisterSteps.setPostApiEndpointsRegister - I set POST api endpoints register
15:53:05.639 [main] DEBUG net.thucydides.core.steps.StepInterceptor - STEP DONE: I set POST api endpoints register
  &amp#27;[32mGiven &amp#27;[0m&amp#27;[32mI set POST api endpoints register&amp#27;[0m              &amp#27;[90m# starter.stepdefinitions.RegisterSteps.setPostApiEndpointsRegister()&amp#27;[0m
15:53:05.707 [main] DEBUG net.thucydides.core.steps.StepInterceptor - STARTING STEP: RegisterSteps.sendPostHttpRequestRegister2 - I send POST HTTP request register2
15:53:05.725 [main] DEBUG net.thucydides.core.steps.StepInterceptor - STARTING STEP: Register.sendPostHttpRequestRegister2 - I set POST api endpoints register
15:53:05.729 [main] DEBUG net.thucydides.core.steps.StepInterceptor - STEP DONE: I set POST api endpoints register
15:53:05.826 [main] DEBUG org.apache.http.impl.conn.BasicClientConnectionManager - Get connection for route {s}->https://altashop-api.fly.dev:443
15:53:05.826 [main] DEBUG org.apache.http.impl.conn.DefaultClientConnectionOperator - Connecting to altashop-api.fly.dev:443
15:53:06.432 [main] DEBUG org.apache.http.client.protocol.RequestAddCookies - CookieSpec selected: ignoreCookies
15:53:06.432 [main] DEBUG org.apache.http.client.protocol.RequestAuthCache - Auth cache not set in the context
15:53:06.432 [main] DEBUG org.apache.http.client.protocol.RequestTargetAuthentication - Target auth state: UNCHALLENGED
15:53:06.433 [main] DEBUG org.apache.http.client.protocol.RequestProxyAuthentication - Proxy auth state: UNCHALLENGED
15:53:06.433 [main] DEBUG org.apache.http.impl.client.DefaultHttpClient - Attempt 1 to execute request
15:53:06.433 [main] DEBUG org.apache.http.impl.conn.DefaultClientConnection - Sending request: POST /api/auth/register HTTP/1.1
15:53:06.433 [main] DEBUG org.apache.http.wire -  >> "POST /api/auth/register HTTP/1.1[\r][\n]"
15:53:06.433 [main] DEBUG org.apache.http.wire -  >> "Accept: */*[\r][\n]"
15:53:06.433 [main] DEBUG org.apache.http.wire -  >> "Content-Type: application/json[\r][\n]"
15:53:06.433 [main] DEBUG org.apache.http.wire -  >> "Content-Length: 60[\r][\n]"
15:53:06.433 [main] DEBUG org.apache.http.wire -  >> "Host: altashop-api.fly.dev[\r][\n]"
15:53:06.433 [main] DEBUG org.apache.http.wire -  >> "Connection: Keep-Alive[\r][\n]"
15:53:06.433 [main] DEBUG org.apache.http.wire -  >> "User-Agent: Apache-HttpClient/4.5.13 (Java/19.0.2)[\r][\n]"
15:53:06.433 [main] DEBUG org.apache.http.wire -  >> "Accept-Encoding: gzip,deflate[\r][\n]"
15:53:06.434 [main] DEBUG org.apache.http.wire -  >> "[\r][\n]"
15:53:06.434 [main] DEBUG org.apache.http.headers - >> POST /api/auth/register HTTP/1.1
15:53:06.434 [main] DEBUG org.apache.http.headers - >> Accept: */*
15:53:06.434 [main] DEBUG org.apache.http.headers - >> Content-Type: application/json
15:53:06.434 [main] DEBUG org.apache.http.headers - >> Content-Length: 60
15:53:06.434 [main] DEBUG org.apache.http.headers - >> Host: altashop-api.fly.dev
15:53:06.434 [main] DEBUG org.apache.http.headers - >> Connection: Keep-Alive
15:53:06.434 [main] DEBUG org.apache.http.headers - >> User-Agent: Apache-HttpClient/4.5.13 (Java/19.0.2)
15:53:06.434 [main] DEBUG org.apache.http.headers - >> Accept-Encoding: gzip,deflate
15:53:06.434 [main] DEBUG org.apache.http.wire -  >> "{"password":"gbgbbacffh","fullname":"","email":"gbgbbacffh"}"
15:53:06.873 [main] DEBUG org.apache.http.wire -  << "HTTP/1.1 400 Bad Request[\r][\n]"
15:53:06.874 [main] DEBUG org.apache.http.wire -  << "content-type: application/json[\r][\n]"
15:53:06.874 [main] DEBUG org.apache.http.wire -  << "date: Wed, 10 May 2023 08:53:06 GMT[\r][\n]"
15:53:06.874 [main] DEBUG org.apache.http.wire -  << "content-encoding: gzip[\r][\n]"
15:53:06.875 [main] DEBUG org.apache.http.wire -  << "transfer-encoding: chunked[\r][\n]"
15:53:06.875 [main] DEBUG org.apache.http.wire -  << "server: Fly/3f2597ca (2023-05-03)[\r][\n]"
15:53:06.875 [main] DEBUG org.apache.http.wire -  << "via: 1.1 fly.io[\r][\n]"
15:53:06.875 [main] DEBUG org.apache.http.wire -  << "fly-request-id: 01H02DTDR7EYH2H0602QCYYJ4S-sin[\r][\n]"
15:53:06.875 [main] DEBUG org.apache.http.wire -  << "[\r][\n]"
15:53:06.876 [main] DEBUG org.apache.http.impl.conn.DefaultClientConnection - Receiving response: HTTP/1.1 400 Bad Request
15:53:06.876 [main] DEBUG org.apache.http.headers - << HTTP/1.1 400 Bad Request
15:53:06.876 [main] DEBUG org.apache.http.headers - << content-type: application/json
15:53:06.876 [main] DEBUG org.apache.http.headers - << date: Wed, 10 May 2023 08:53:06 GMT
15:53:06.876 [main] DEBUG org.apache.http.headers - << content-encoding: gzip
15:53:06.876 [main] DEBUG org.apache.http.headers - << transfer-encoding: chunked
15:53:06.877 [main] DEBUG org.apache.http.headers - << server: Fly/3f2597ca (2023-05-03)
15:53:06.877 [main] DEBUG org.apache.http.headers - << via: 1.1 fly.io
15:53:06.877 [main] DEBUG org.apache.http.headers - << fly-request-id: 01H02DTDR7EYH2H0602QCYYJ4S-sin
15:53:06.880 [main] DEBUG org.apache.http.impl.client.DefaultHttpClient - Connection can be kept alive indefinitely
15:53:06.881 [main] DEBUG io.restassured.internal.RestAssuredHttpBuilder - Parsing response as: application/json
15:53:06.881 [main] DEBUG org.apache.http.wire -  << "35[\r][\n]"
15:53:06.881 [main] DEBUG org.apache.http.wire -  << "[0x1f][0x8b][0x8][0x0][0x0][0x0][0x0][0x0][0x4][0xff][0xab]VJ-*[0xca]/R[0xb2]RJ+[0xcd][0xc9][0xc9]K[0xcc]MU[0xc8],V(J-,[0xcd],JMQ[0xaa][0xe5][0x2][0x0]ok4[0xc9]![0x0][0x0][0x0]"
15:53:06.881 [main] DEBUG org.apache.http.wire -  << "[\r][\n]"
15:53:06.882 [main] DEBUG org.apache.http.wire -  << "0[\r][\n]"
15:53:06.882 [main] DEBUG org.apache.http.wire -  << "[\r][\n]"
15:53:06.882 [main] DEBUG io.restassured.internal.RestAssuredHttpBuilder - Parsed data to instance of: class org.apache.http.conn.EofSensorInputStream
15:53:06.888 [main] DEBUG org.apache.http.impl.conn.BasicClientConnectionManager - Releasing connection org.apache.http.impl.conn.ManagedClientConnectionImpl@16ef1160
15:53:06.889 [main] DEBUG org.apache.http.impl.conn.BasicClientConnectionManager - Connection can be kept alive indefinitely
15:53:06.897 [main] DEBUG net.thucydides.core.steps.StepInterceptor - STEP DONE: I send POST HTTP request register2
  &amp#27;[32mWhen &amp#27;[0m&amp#27;[32mI send POST HTTP request register2&amp#27;[0m              &amp#27;[90m# starter.stepdefinitions.RegisterSteps.sendPostHttpRequestRegister2()&amp#27;[0m
15:53:06.911 [main] DEBUG net.thucydides.core.steps.StepInterceptor - STARTING STEP: RegisterSteps.receiveValidHttp400Register - I receive valid HTTP response code 400 register
15:53:06.915 [main] DEBUG net.thucydides.core.steps.StepInterceptor - STEP DONE: I receive valid HTTP response code 400 register
  &amp#27;[32mThen &amp#27;[0m&amp#27;[32mI receive valid HTTP response code 400 register&amp#27;[0m &amp#27;[90m# starter.stepdefinitions.RegisterSteps.receiveValidHttp400Register()&amp#27;[0m
15:53:06.922 [main] INFO  - 
  _____   ___   ___   _____     ___     _     ___   ___   ___   ___  
 |_   _| | __| / __| |_   _|   | _ \   /_\   / __| / __| | __| |   \ 
   | |   | _|  \__ \   | |     |  _/  / _ \  \__ \ \__ \ | _|  | |) |
   |_|   |___| |___/   |_|     |_|   /_/ \_\ |___/ |___/ |___| |___/ 

POST - Register without fullname
----------------------------------------------------------------------
]]></system-out>
  </testcase>
  <testcase name="POST - Register without email" classname="Register" time="1.93">
    <system-out><![CDATA[
Scenario: POST - Register without email                &amp#27;[90m# src/test/resources/features/1. Register.feature:17&amp#27;[0m
15:53:06.948 [main] DEBUG io.cucumber.core.plugin.SerenityReporter - Running feature from file:///D:/download/API_Minpro%20(1)/APIMinpro/API/minpro/src/test/resources/features/1.%20Register.feature
15:53:06.952 [main] INFO  - 
  _____   ___   ___   _____     ___   _____     _     ___   _____   ___   ___  
 |_   _| | __| / __| |_   _|   / __| |_   _|   /_\   | _ \ |_   _| | __| |   \ 
   | |   | _|  \__ \   | |     \__ \   | |    / _ \  |   /   | |   | _|  | |) |
   |_|   |___| |___/   |_|     |___/   |_|   /_/ \_\ |_|_\   |_|   |___| |___/ 

POST - Register without email(register;post---register-without-email)
--------------------------------------------------------------------------------
15:53:06.992 [main] DEBUG net.thucydides.core.steps.StepInterceptor - STARTING STEP: RegisterSteps.setPostApiEndpointsRegister - I set POST api endpoints register
15:53:06.993 [main] DEBUG net.thucydides.core.steps.StepInterceptor - STEP DONE: I set POST api endpoints register
  &amp#27;[32mGiven &amp#27;[0m&amp#27;[32mI set POST api endpoints register&amp#27;[0m              &amp#27;[90m# starter.stepdefinitions.RegisterSteps.setPostApiEndpointsRegister()&amp#27;[0m
15:53:07.005 [main] DEBUG net.thucydides.core.steps.StepInterceptor - STARTING STEP: RegisterSteps.sendPostHttpRequestRegister3 - I send POST HTTP request register3
15:53:07.010 [main] DEBUG net.thucydides.core.steps.StepInterceptor - STARTING STEP: Register.sendPostHttpRequestRegister3 - I set POST api endpoints register
15:53:07.010 [main] DEBUG net.thucydides.core.steps.StepInterceptor - STEP DONE: I set POST api endpoints register
15:53:07.151 [main] DEBUG org.apache.http.impl.conn.BasicClientConnectionManager - Get connection for route {s}->https://altashop-api.fly.dev:443
15:53:07.151 [main] DEBUG org.apache.http.impl.conn.DefaultClientConnectionOperator - Connecting to altashop-api.fly.dev:443
15:53:07.842 [main] DEBUG org.apache.http.client.protocol.RequestAddCookies - CookieSpec selected: ignoreCookies
15:53:07.843 [main] DEBUG org.apache.http.client.protocol.RequestAuthCache - Auth cache not set in the context
15:53:07.843 [main] DEBUG org.apache.http.client.protocol.RequestTargetAuthentication - Target auth state: UNCHALLENGED
15:53:07.843 [main] DEBUG org.apache.http.client.protocol.RequestProxyAuthentication - Proxy auth state: UNCHALLENGED
15:53:07.844 [main] DEBUG org.apache.http.impl.client.DefaultHttpClient - Attempt 1 to execute request
15:53:07.844 [main] DEBUG org.apache.http.impl.conn.DefaultClientConnection - Sending request: POST /api/auth/register HTTP/1.1
15:53:07.845 [main] DEBUG org.apache.http.wire -  >> "POST /api/auth/register HTTP/1.1[\r][\n]"
15:53:07.845 [main] DEBUG org.apache.http.wire -  >> "Accept: */*[\r][\n]"
15:53:07.845 [main] DEBUG org.apache.http.wire -  >> "Content-Type: application/json[\r][\n]"
15:53:07.845 [main] DEBUG org.apache.http.wire -  >> "Content-Length: 60[\r][\n]"
15:53:07.846 [main] DEBUG org.apache.http.wire -  >> "Host: altashop-api.fly.dev[\r][\n]"
15:53:07.846 [main] DEBUG org.apache.http.wire -  >> "Connection: Keep-Alive[\r][\n]"
15:53:07.846 [main] DEBUG org.apache.http.wire -  >> "User-Agent: Apache-HttpClient/4.5.13 (Java/19.0.2)[\r][\n]"
15:53:07.846 [main] DEBUG org.apache.http.wire -  >> "Accept-Encoding: gzip,deflate[\r][\n]"
15:53:07.847 [main] DEBUG org.apache.http.wire -  >> "[\r][\n]"
15:53:07.847 [main] DEBUG org.apache.http.headers - >> POST /api/auth/register HTTP/1.1
15:53:07.847 [main] DEBUG org.apache.http.headers - >> Accept: */*
15:53:07.847 [main] DEBUG org.apache.http.headers - >> Content-Type: application/json
15:53:07.847 [main] DEBUG org.apache.http.headers - >> Content-Length: 60
15:53:07.848 [main] DEBUG org.apache.http.headers - >> Host: altashop-api.fly.dev
15:53:07.848 [main] DEBUG org.apache.http.headers - >> Connection: Keep-Alive
15:53:07.848 [main] DEBUG org.apache.http.headers - >> User-Agent: Apache-HttpClient/4.5.13 (Java/19.0.2)
15:53:07.848 [main] DEBUG org.apache.http.headers - >> Accept-Encoding: gzip,deflate
15:53:07.848 [main] DEBUG org.apache.http.wire -  >> "{"password":"aafcbcfhda","fullname":"aafcbcfhda","email":""}"
15:53:08.817 [main] DEBUG org.apache.http.wire -  << "HTTP/1.1 400 Bad Request[\r][\n]"
15:53:08.817 [main] DEBUG org.apache.http.wire -  << "content-type: application/json[\r][\n]"
15:53:08.817 [main] DEBUG org.apache.http.wire -  << "date: Wed, 10 May 2023 08:53:08 GMT[\r][\n]"
15:53:08.817 [main] DEBUG org.apache.http.wire -  << "content-encoding: gzip[\r][\n]"
15:53:08.817 [main] DEBUG org.apache.http.wire -  << "transfer-encoding: chunked[\r][\n]"
15:53:08.817 [main] DEBUG org.apache.http.wire -  << "server: Fly/3f2597ca (2023-05-03)[\r][\n]"
15:53:08.817 [main] DEBUG org.apache.http.wire -  << "via: 1.1 fly.io[\r][\n]"
15:53:08.818 [main] DEBUG org.apache.http.wire -  << "fly-request-id: 01H02DTFNZ8Q950QF8C59BKRZ1-sin[\r][\n]"
15:53:08.818 [main] DEBUG org.apache.http.wire -  << "[\r][\n]"
15:53:08.818 [main] DEBUG org.apache.http.impl.conn.DefaultClientConnection - Receiving response: HTTP/1.1 400 Bad Request
15:53:08.818 [main] DEBUG org.apache.http.headers - << HTTP/1.1 400 Bad Request
15:53:08.818 [main] DEBUG org.apache.http.headers - << content-type: application/json
15:53:08.818 [main] DEBUG org.apache.http.headers - << date: Wed, 10 May 2023 08:53:08 GMT
15:53:08.818 [main] DEBUG org.apache.http.headers - << content-encoding: gzip
15:53:08.818 [main] DEBUG org.apache.http.headers - << transfer-encoding: chunked
15:53:08.818 [main] DEBUG org.apache.http.headers - << server: Fly/3f2597ca (2023-05-03)
15:53:08.819 [main] DEBUG org.apache.http.headers - << via: 1.1 fly.io
15:53:08.819 [main] DEBUG org.apache.http.headers - << fly-request-id: 01H02DTFNZ8Q950QF8C59BKRZ1-sin
15:53:08.819 [main] DEBUG org.apache.http.impl.client.DefaultHttpClient - Connection can be kept alive indefinitely
15:53:08.820 [main] DEBUG io.restassured.internal.RestAssuredHttpBuilder - Parsing response as: application/json
15:53:08.820 [main] DEBUG org.apache.http.wire -  << "32[\r][\n]"
15:53:08.820 [main] DEBUG org.apache.http.wire -  << "[0x1f][0x8b][0x8][0x0][0x0][0x0][0x0][0x0][0x4][0xff][0xab]VJ-*[0xca]/R[0xb2]RJ[0xcd]M[0xcc][0xcc]Q[0xc8],V(J-,[0xcd],JMQ[0xaa][0xe5][0x2][0x0]&[0xe3][0xaa]j[0x1e][0x0][0x0][0x0]"
15:53:08.820 [main] DEBUG org.apache.http.wire -  << "[\r][\n]"
15:53:08.821 [main] DEBUG org.apache.http.wire -  << "0[\r][\n]"
15:53:08.821 [main] DEBUG org.apache.http.wire -  << "[\r][\n]"
15:53:08.821 [main] DEBUG io.restassured.internal.RestAssuredHttpBuilder - Parsed data to instance of: class org.apache.http.conn.EofSensorInputStream
15:53:08.824 [main] DEBUG org.apache.http.impl.conn.BasicClientConnectionManager - Releasing connection org.apache.http.impl.conn.ManagedClientConnectionImpl@1cab19e2
15:53:08.825 [main] DEBUG org.apache.http.impl.conn.BasicClientConnectionManager - Connection can be kept alive indefinitely
15:53:08.827 [main] DEBUG net.thucydides.core.steps.StepInterceptor - STEP DONE: I send POST HTTP request register3
  &amp#27;[32mWhen &amp#27;[0m&amp#27;[32mI send POST HTTP request register3&amp#27;[0m              &amp#27;[90m# starter.stepdefinitions.RegisterSteps.sendPostHttpRequestRegister3()&amp#27;[0m
15:53:08.846 [main] DEBUG net.thucydides.core.steps.StepInterceptor - STARTING STEP: RegisterSteps.receiveValidHttp400Register - I receive valid HTTP response code 400 register
15:53:08.848 [main] DEBUG net.thucydides.core.steps.StepInterceptor - STEP DONE: I receive valid HTTP response code 400 register
  &amp#27;[32mThen &amp#27;[0m&amp#27;[32mI receive valid HTTP response code 400 register&amp#27;[0m &amp#27;[90m# starter.stepdefinitions.RegisterSteps.receiveValidHttp400Register()&amp#27;[0m
15:53:08.855 [main] INFO  - 
  _____   ___   ___   _____     ___     _     ___   ___   ___   ___  
 |_   _| | __| / __| |_   _|   | _ \   /_\   / __| / __| | __| |   \ 
   | |   | _|  \__ \   | |     |  _/  / _ \  \__ \ \__ \ | _|  | |) |
   |_|   |___| |___/   |_|     |_|   /_/ \_\ |___/ |___/ |___| |___/ 

POST - Register without email
----------------------------------------------------------------------
]]></system-out>
  </testcase>
  <testcase name="POST - Register without password" classname="Register" time="1.248">
    <system-out><![CDATA[
Scenario: POST - Register without password             &amp#27;[90m# src/test/resources/features/1. Register.feature:22&amp#27;[0m
15:53:08.886 [main] DEBUG io.cucumber.core.plugin.SerenityReporter - Running feature from file:///D:/download/API_Minpro%20(1)/APIMinpro/API/minpro/src/test/resources/features/1.%20Register.feature
15:53:08.892 [main] INFO  - 
  _____   ___   ___   _____     ___   _____     _     ___   _____   ___   ___  
 |_   _| | __| / __| |_   _|   / __| |_   _|   /_\   | _ \ |_   _| | __| |   \ 
   | |   | _|  \__ \   | |     \__ \   | |    / _ \  |   /   | |   | _|  | |) |
   |_|   |___| |___/   |_|     |___/   |_|   /_/ \_\ |_|_\   |_|   |___| |___/ 

POST - Register without password(register;post---register-without-password)
--------------------------------------------------------------------------------
15:53:08.912 [main] DEBUG net.thucydides.core.steps.StepInterceptor - STARTING STEP: RegisterSteps.setPostApiEndpointsRegister - I set POST api endpoints register
15:53:08.912 [main] DEBUG net.thucydides.core.steps.StepInterceptor - STEP DONE: I set POST api endpoints register
  &amp#27;[32mGiven &amp#27;[0m&amp#27;[32mI set POST api endpoints register&amp#27;[0m              &amp#27;[90m# starter.stepdefinitions.RegisterSteps.setPostApiEndpointsRegister()&amp#27;[0m
15:53:08.919 [main] DEBUG net.thucydides.core.steps.StepInterceptor - STARTING STEP: RegisterSteps.sendPostHttpRequest4 - I send POST HTTP request register4
15:53:08.927 [main] DEBUG net.thucydides.core.steps.StepInterceptor - STARTING STEP: Register.sendPostHttpRequestRegister4 - I set POST api endpoints register
15:53:08.927 [main] DEBUG net.thucydides.core.steps.StepInterceptor - STEP DONE: I set POST api endpoints register
15:53:08.963 [main] DEBUG org.apache.http.impl.conn.BasicClientConnectionManager - Get connection for route {s}->https://altashop-api.fly.dev:443
15:53:08.963 [main] DEBUG org.apache.http.impl.conn.DefaultClientConnectionOperator - Connecting to altashop-api.fly.dev:443
15:53:09.449 [main] DEBUG org.apache.http.client.protocol.RequestAddCookies - CookieSpec selected: ignoreCookies
15:53:09.449 [main] DEBUG org.apache.http.client.protocol.RequestAuthCache - Auth cache not set in the context
15:53:09.449 [main] DEBUG org.apache.http.client.protocol.RequestTargetAuthentication - Target auth state: UNCHALLENGED
15:53:09.449 [main] DEBUG org.apache.http.client.protocol.RequestProxyAuthentication - Proxy auth state: UNCHALLENGED
15:53:09.450 [main] DEBUG org.apache.http.impl.client.DefaultHttpClient - Attempt 1 to execute request
15:53:09.450 [main] DEBUG org.apache.http.impl.conn.DefaultClientConnection - Sending request: POST /api/auth/register HTTP/1.1
15:53:09.450 [main] DEBUG org.apache.http.wire -  >> "POST /api/auth/register HTTP/1.1[\r][\n]"
15:53:09.450 [main] DEBUG org.apache.http.wire -  >> "Accept: */*[\r][\n]"
15:53:09.451 [main] DEBUG org.apache.http.wire -  >> "Content-Type: application/json[\r][\n]"
15:53:09.451 [main] DEBUG org.apache.http.wire -  >> "Content-Length: 60[\r][\n]"
15:53:09.451 [main] DEBUG org.apache.http.wire -  >> "Host: altashop-api.fly.dev[\r][\n]"
15:53:09.451 [main] DEBUG org.apache.http.wire -  >> "Connection: Keep-Alive[\r][\n]"
15:53:09.452 [main] DEBUG org.apache.http.wire -  >> "User-Agent: Apache-HttpClient/4.5.13 (Java/19.0.2)[\r][\n]"
15:53:09.452 [main] DEBUG org.apache.http.wire -  >> "Accept-Encoding: gzip,deflate[\r][\n]"
15:53:09.452 [main] DEBUG org.apache.http.wire -  >> "[\r][\n]"
15:53:09.452 [main] DEBUG org.apache.http.headers - >> POST /api/auth/register HTTP/1.1
15:53:09.452 [main] DEBUG org.apache.http.headers - >> Accept: */*
15:53:09.453 [main] DEBUG org.apache.http.headers - >> Content-Type: application/json
15:53:09.453 [main] DEBUG org.apache.http.headers - >> Content-Length: 60
15:53:09.453 [main] DEBUG org.apache.http.headers - >> Host: altashop-api.fly.dev
15:53:09.453 [main] DEBUG org.apache.http.headers - >> Connection: Keep-Alive
15:53:09.453 [main] DEBUG org.apache.http.headers - >> User-Agent: Apache-HttpClient/4.5.13 (Java/19.0.2)
15:53:09.454 [main] DEBUG org.apache.http.headers - >> Accept-Encoding: gzip,deflate
15:53:09.454 [main] DEBUG org.apache.http.wire -  >> "{"password":"","fullname":"daabahcfcc","email":"daabahcfcc"}"
15:53:10.077 [main] DEBUG org.apache.http.wire -  << "HTTP/1.1 400 Bad Request[\r][\n]"
15:53:10.078 [main] DEBUG org.apache.http.wire -  << "content-type: application/json[\r][\n]"
15:53:10.078 [main] DEBUG org.apache.http.wire -  << "date: Wed, 10 May 2023 08:53:09 GMT[\r][\n]"
15:53:10.078 [main] DEBUG org.apache.http.wire -  << "content-encoding: gzip[\r][\n]"
15:53:10.078 [main] DEBUG org.apache.http.wire -  << "transfer-encoding: chunked[\r][\n]"
15:53:10.078 [main] DEBUG org.apache.http.wire -  << "server: Fly/3f2597ca (2023-05-03)[\r][\n]"
15:53:10.078 [main] DEBUG org.apache.http.wire -  << "via: 1.1 fly.io[\r][\n]"
15:53:10.078 [main] DEBUG org.apache.http.wire -  << "fly-request-id: 01H02DTGX7PDM87ED3WZ6A3MMZ-sin[\r][\n]"
15:53:10.078 [main] DEBUG org.apache.http.wire -  << "[\r][\n]"
15:53:10.078 [main] DEBUG org.apache.http.impl.conn.DefaultClientConnection - Receiving response: HTTP/1.1 400 Bad Request
15:53:10.078 [main] DEBUG org.apache.http.headers - << HTTP/1.1 400 Bad Request
15:53:10.078 [main] DEBUG org.apache.http.headers - << content-type: application/json
15:53:10.079 [main] DEBUG org.apache.http.headers - << date: Wed, 10 May 2023 08:53:09 GMT
15:53:10.079 [main] DEBUG org.apache.http.headers - << content-encoding: gzip
15:53:10.079 [main] DEBUG org.apache.http.headers - << transfer-encoding: chunked
15:53:10.079 [main] DEBUG org.apache.http.headers - << server: Fly/3f2597ca (2023-05-03)
15:53:10.079 [main] DEBUG org.apache.http.headers - << via: 1.1 fly.io
15:53:10.079 [main] DEBUG org.apache.http.headers - << fly-request-id: 01H02DTGX7PDM87ED3WZ6A3MMZ-sin
15:53:10.079 [main] DEBUG org.apache.http.impl.client.DefaultHttpClient - Connection can be kept alive indefinitely
15:53:10.079 [main] DEBUG io.restassured.internal.RestAssuredHttpBuilder - Parsing response as: application/json
15:53:10.080 [main] DEBUG org.apache.http.wire -  << "35[\r][\n]"
15:53:10.080 [main] DEBUG org.apache.http.wire -  << "[0x1f][0x8b][0x8][0x0][0x0][0x0][0x0][0x0][0x4][0xff][0xab]VJ-*[0xca]/R[0xb2]R*H,..[0xcf]/JQ[0xc8],V(J-,[0xcd],JMQ[0xaa][0xe5][0x2][0x0][0xb9][0x8f][0xe5][0xe0]![0x0][0x0][0x0]"
15:53:10.080 [main] DEBUG org.apache.http.wire -  << "[\r][\n]"
15:53:10.085 [main] DEBUG org.apache.http.wire -  << "0[\r][\n]"
15:53:10.085 [main] DEBUG org.apache.http.wire -  << "[\r][\n]"
15:53:10.085 [main] DEBUG io.restassured.internal.RestAssuredHttpBuilder - Parsed data to instance of: class org.apache.http.conn.EofSensorInputStream
15:53:10.088 [main] DEBUG org.apache.http.impl.conn.BasicClientConnectionManager - Releasing connection org.apache.http.impl.conn.ManagedClientConnectionImpl@34fc315d
15:53:10.088 [main] DEBUG org.apache.http.impl.conn.BasicClientConnectionManager - Connection can be kept alive indefinitely
15:53:10.089 [main] DEBUG net.thucydides.core.steps.StepInterceptor - STEP DONE: I send POST HTTP request register4
  &amp#27;[32mWhen &amp#27;[0m&amp#27;[32mI send POST HTTP request register4&amp#27;[0m              &amp#27;[90m# starter.stepdefinitions.RegisterSteps.sendPostHttpRequest4()&amp#27;[0m
15:53:10.099 [main] DEBUG net.thucydides.core.steps.StepInterceptor - STARTING STEP: RegisterSteps.receiveValidHttp400Register - I receive valid HTTP response code 400 register
15:53:10.101 [main] DEBUG net.thucydides.core.steps.StepInterceptor - STEP DONE: I receive valid HTTP response code 400 register
  &amp#27;[32mThen &amp#27;[0m&amp#27;[32mI receive valid HTTP response code 400 register&amp#27;[0m &amp#27;[90m# starter.stepdefinitions.RegisterSteps.receiveValidHttp400Register()&amp#27;[0m
15:53:10.105 [main] INFO  - 
  _____   ___   ___   _____     ___     _     ___   ___   ___   ___  
 |_   _| | __| / __| |_   _|   | _ \   /_\   / __| / __| | __| |   \ 
   | |   | _|  \__ \   | |     |  _/  / _ \  \__ \ \__ \ | _|  | |) |
   |_|   |___| |___/   |_|     |_|   /_/ \_\ |___/ |___/ |___| |___/ 

POST - Register without password
----------------------------------------------------------------------
]]></system-out>
  </testcase>
  <testcase name="POST - Register with existed account" classname="Register" time="1.65">
    <system-out><![CDATA[15:53:10.163 [Finalizer] DEBUG org.apache.http.impl.conn.DefaultClientConnection - Connection 0.0.0.0:53992<->149.248.193.56:443 closed
15:53:10.163 [Finalizer] DEBUG org.apache.http.impl.conn.DefaultClientConnection - Connection 0.0.0.0:53991<->149.248.193.56:443 closed

Scenario: POST - Register with existed account         &amp#27;[90m# src/test/resources/features/1. Register.feature:27&amp#27;[0m
15:53:10.170 [main] DEBUG io.cucumber.core.plugin.SerenityReporter - Running feature from file:///D:/download/API_Minpro%20(1)/APIMinpro/API/minpro/src/test/resources/features/1.%20Register.feature
15:53:10.174 [main] INFO  - 
  _____   ___   ___   _____     ___   _____     _     ___   _____   ___   ___  
 |_   _| | __| / __| |_   _|   / __| |_   _|   /_\   | _ \ |_   _| | __| |   \ 
   | |   | _|  \__ \   | |     \__ \   | |    / _ \  |   /   | |   | _|  | |) |
   |_|   |___| |___/   |_|     |___/   |_|   /_/ \_\ |_|_\   |_|   |___| |___/ 

POST - Register with existed account(register;post---register-with-existed-account)
--------------------------------------------------------------------------------
15:53:10.196 [main] DEBUG net.thucydides.core.steps.StepInterceptor - STARTING STEP: RegisterSteps.setPostApiEndpointsRegister - I set POST api endpoints register
15:53:10.197 [main] DEBUG net.thucydides.core.steps.StepInterceptor - STEP DONE: I set POST api endpoints register
  &amp#27;[32mGiven &amp#27;[0m&amp#27;[32mI set POST api endpoints register&amp#27;[0m              &amp#27;[90m# starter.stepdefinitions.RegisterSteps.setPostApiEndpointsRegister()&amp#27;[0m
15:53:10.210 [main] DEBUG net.thucydides.core.steps.StepInterceptor - STARTING STEP: RegisterSteps.sendPostHttpRequest5 - I send POST HTTP request register5
15:53:10.213 [main] DEBUG net.thucydides.core.steps.StepInterceptor - STARTING STEP: Register.sendPostHttpRequestRegister5 - I set POST api endpoints register
15:53:10.213 [main] DEBUG net.thucydides.core.steps.StepInterceptor - STEP DONE: I set POST api endpoints register
15:53:10.245 [main] DEBUG org.apache.http.impl.conn.BasicClientConnectionManager - Get connection for route {s}->https://altashop-api.fly.dev:443
15:53:10.245 [main] DEBUG org.apache.http.impl.conn.DefaultClientConnectionOperator - Connecting to altashop-api.fly.dev:443
15:53:11.466 [main] DEBUG org.apache.http.client.protocol.RequestAddCookies - CookieSpec selected: ignoreCookies
15:53:11.467 [main] DEBUG org.apache.http.client.protocol.RequestAuthCache - Auth cache not set in the context
15:53:11.467 [main] DEBUG org.apache.http.client.protocol.RequestTargetAuthentication - Target auth state: UNCHALLENGED
15:53:11.467 [main] DEBUG org.apache.http.client.protocol.RequestProxyAuthentication - Proxy auth state: UNCHALLENGED
15:53:11.467 [main] DEBUG org.apache.http.impl.client.DefaultHttpClient - Attempt 1 to execute request
15:53:11.467 [main] DEBUG org.apache.http.impl.conn.DefaultClientConnection - Sending request: POST /api/auth/register HTTP/1.1
15:53:11.467 [main] DEBUG org.apache.http.wire -  >> "POST /api/auth/register HTTP/1.1[\r][\n]"
15:53:11.467 [main] DEBUG org.apache.http.wire -  >> "Accept: */*[\r][\n]"
15:53:11.467 [main] DEBUG org.apache.http.wire -  >> "Content-Type: application/json[\r][\n]"
15:53:11.467 [main] DEBUG org.apache.http.wire -  >> "Content-Length: 78[\r][\n]"
15:53:11.483 [main] DEBUG org.apache.http.wire -  >> "Host: altashop-api.fly.dev[\r][\n]"
15:53:11.483 [main] DEBUG org.apache.http.wire -  >> "Connection: Keep-Alive[\r][\n]"
15:53:11.484 [main] DEBUG org.apache.http.wire -  >> "User-Agent: Apache-HttpClient/4.5.13 (Java/19.0.2)[\r][\n]"
15:53:11.484 [main] DEBUG org.apache.http.wire -  >> "Accept-Encoding: gzip,deflate[\r][\n]"
15:53:11.484 [main] DEBUG org.apache.http.wire -  >> "[\r][\n]"
15:53:11.484 [main] DEBUG org.apache.http.headers - >> POST /api/auth/register HTTP/1.1
15:53:11.484 [main] DEBUG org.apache.http.headers - >> Accept: */*
15:53:11.484 [main] DEBUG org.apache.http.headers - >> Content-Type: application/json
15:53:11.484 [main] DEBUG org.apache.http.headers - >> Content-Length: 78
15:53:11.484 [main] DEBUG org.apache.http.headers - >> Host: altashop-api.fly.dev
15:53:11.484 [main] DEBUG org.apache.http.headers - >> Connection: Keep-Alive
15:53:11.484 [main] DEBUG org.apache.http.headers - >> User-Agent: Apache-HttpClient/4.5.13 (Java/19.0.2)
15:53:11.484 [main] DEBUG org.apache.http.headers - >> Accept-Encoding: gzip,deflate
15:53:11.484 [main] DEBUG org.apache.http.wire -  >> "{"password":"1234567","fullname":"rinimaulidaaaa","email":"rinike4@gmail.com"}"
15:53:11.733 [main] DEBUG org.apache.http.wire -  << "HTTP/1.1 400 Bad Request[\r][\n]"
15:53:11.733 [main] DEBUG org.apache.http.wire -  << "content-type: application/json[\r][\n]"
15:53:11.733 [main] DEBUG org.apache.http.wire -  << "date: Wed, 10 May 2023 08:53:11 GMT[\r][\n]"
15:53:11.733 [main] DEBUG org.apache.http.wire -  << "content-encoding: gzip[\r][\n]"
15:53:11.733 [main] DEBUG org.apache.http.wire -  << "transfer-encoding: chunked[\r][\n]"
15:53:11.733 [main] DEBUG org.apache.http.wire -  << "server: Fly/3f2597ca (2023-05-03)[\r][\n]"
15:53:11.733 [main] DEBUG org.apache.http.wire -  << "via: 1.1 fly.io[\r][\n]"
15:53:11.733 [main] DEBUG org.apache.http.wire -  << "fly-request-id: 01H02DTJGKKM6PVSZG4VEFM8XH-sin[\r][\n]"
15:53:11.733 [main] DEBUG org.apache.http.wire -  << "[\r][\n]"
15:53:11.733 [main] DEBUG org.apache.http.impl.conn.DefaultClientConnection - Receiving response: HTTP/1.1 400 Bad Request
15:53:11.733 [main] DEBUG org.apache.http.headers - << HTTP/1.1 400 Bad Request
15:53:11.734 [main] DEBUG org.apache.http.headers - << content-type: application/json
15:53:11.734 [main] DEBUG org.apache.http.headers - << date: Wed, 10 May 2023 08:53:11 GMT
15:53:11.734 [main] DEBUG org.apache.http.headers - << content-encoding: gzip
15:53:11.734 [main] DEBUG org.apache.http.headers - << transfer-encoding: chunked
15:53:11.734 [main] DEBUG org.apache.http.headers - << server: Fly/3f2597ca (2023-05-03)
15:53:11.734 [main] DEBUG org.apache.http.headers - << via: 1.1 fly.io
15:53:11.734 [main] DEBUG org.apache.http.headers - << fly-request-id: 01H02DTJGKKM6PVSZG4VEFM8XH-sin
15:53:11.734 [main] DEBUG org.apache.http.impl.client.DefaultHttpClient - Connection can be kept alive indefinitely
15:53:11.734 [main] DEBUG io.restassured.internal.RestAssuredHttpBuilder - Parsing response as: application/json
15:53:11.734 [main] DEBUG org.apache.http.wire -  << "7B[\r][\n]"
15:53:11.735 [main] DEBUG org.apache.http.wire -  << "[0x1f][0x8b][0x8][0x0][0x0][0x0][0x0][0x0][0x4][0xff][0xab]VJ-*[0xca]/R[0xb2]Rr[\r][\n]"
15:53:11.735 [main] DEBUG org.apache.http.wire -  << "[0xf2][0xf][0xb2]RH)-[0xc8][0xc9]LN,IU[0xc8]N[0xad]T(K[0xcc])MU([0xcb][0xcc][0xcf]I,I-V([0xcd][0xcb],,MUH[0xce][0xcf]+.)J[0xcc][0xcc]+Q[0x88]Q*-N-*[0x8e]O[0xcd]M[0xcc][0xcc][0x89][0xcf]N[0xad][0x8c]QR[0xd0][0x8][0xe][0xf4][0x9][0xe]q[0xc]qU02650[0xd5]T[0xaa][0xe5][0x2][0x0][0x1a]G[0x13]pg[0x0][0x0][0x0]"
15:53:11.735 [main] DEBUG org.apache.http.wire -  << "[\r][\n]"
15:53:11.735 [main] DEBUG org.apache.http.wire -  << "0[\r][\n]"
15:53:11.735 [main] DEBUG org.apache.http.wire -  << "[\r][\n]"
15:53:11.735 [main] DEBUG io.restassured.internal.RestAssuredHttpBuilder - Parsed data to instance of: class org.apache.http.conn.EofSensorInputStream
15:53:11.742 [main] DEBUG org.apache.http.impl.conn.BasicClientConnectionManager - Releasing connection org.apache.http.impl.conn.ManagedClientConnectionImpl@7028b5cc
15:53:11.742 [main] DEBUG org.apache.http.impl.conn.BasicClientConnectionManager - Connection can be kept alive indefinitely
15:53:11.749 [main] DEBUG net.thucydides.core.steps.StepInterceptor - STEP DONE: I send POST HTTP request register5
  &amp#27;[32mWhen &amp#27;[0m&amp#27;[32mI send POST HTTP request register5&amp#27;[0m              &amp#27;[90m# starter.stepdefinitions.RegisterSteps.sendPostHttpRequest5()&amp#27;[0m
15:53:11.757 [main] DEBUG net.thucydides.core.steps.StepInterceptor - STARTING STEP: RegisterSteps.receiveValidHttp400Register - I receive valid HTTP response code 400 register
15:53:11.759 [main] DEBUG net.thucydides.core.steps.StepInterceptor - STEP DONE: I receive valid HTTP response code 400 register
  &amp#27;[32mThen &amp#27;[0m&amp#27;[32mI receive valid HTTP response code 400 register&amp#27;[0m &amp#27;[90m# starter.stepdefinitions.RegisterSteps.receiveValidHttp400Register()&amp#27;[0m
15:53:11.765 [main] INFO  - 
  _____   ___   ___   _____     ___     _     ___   ___   ___   ___  
 |_   _| | __| / __| |_   _|   | _ \   /_\   / __| / __| | __| |   \ 
   | |   | _|  \__ \   | |     |  _/  / _ \  \__ \ \__ \ | _|  | |) |
   |_|   |___| |___/   |_|     |_|   /_/ \_\ |___/ |___/ |___| |___/ 

POST - Register with existed account
----------------------------------------------------------------------
]]></system-out>
  </testcase>
  <testcase name="POST - Login with valid account" classname="Login" time="1.85">
    <system-out><![CDATA[15:53:11.768 [main] DEBUG io.cucumber.core.plugin.SerenityReporter - Running feature from file:///D:/download/API_Minpro%20(1)/APIMinpro/API/minpro/src/test/resources/features/2.%20Login.feature
15:53:11.775 [main] DEBUG net.thucydides.core.steps.StepEventBus - Test suite started for story net.thucydides.core.model.Story@86b1dd01
15:53:11.785 [main] INFO  - Test Suite Started: Login

Scenario: POST - Login with valid account           &amp#27;[90m# src/test/resources/features/2. Login.feature:7&amp#27;[0m
15:53:11.800 [main] DEBUG io.cucumber.core.plugin.SerenityReporter - Running feature from file:///D:/download/API_Minpro%20(1)/APIMinpro/API/minpro/src/test/resources/features/2.%20Login.feature
15:53:11.809 [main] INFO  - 
  _____   ___   ___   _____     ___   _____     _     ___   _____   ___   ___  
 |_   _| | __| / __| |_   _|   / __| |_   _|   /_\   | _ \ |_   _| | __| |   \ 
   | |   | _|  \__ \   | |     \__ \   | |    / _ \  |   /   | |   | _|  | |) |
   |_|   |___| |___/   |_|     |___/   |_|   /_/ \_\ |_|_\   |_|   |___| |___/ 

POST - Login with valid account(login;post---login-with-valid-account)
--------------------------------------------------------------------------------
15:53:11.940 [main] DEBUG net.thucydides.core.steps.StepInterceptor - STARTING STEP: LoginSteps.setPostApiEndpointsLogin - I set POST api endpoints login
15:53:11.940 [main] DEBUG net.thucydides.core.steps.StepInterceptor - STEP DONE: I set POST api endpoints login
  &amp#27;[32mGiven &amp#27;[0m&amp#27;[32mI set POST api endpoints login&amp#27;[0m              &amp#27;[90m# starter.stepdefinitions.LoginSteps.setPostApiEndpointsLogin()&amp#27;[0m
15:53:11.956 [main] DEBUG net.thucydides.core.steps.StepInterceptor - STARTING STEP: LoginSteps.sendPostHttpRequestLogin - I send POST HTTP request login
15:53:11.960 [main] DEBUG net.thucydides.core.steps.StepInterceptor - STARTING STEP: Login.sendPostHttpRequestLogin - I set POST api endpoints login
15:53:11.960 [main] DEBUG net.thucydides.core.steps.StepInterceptor - STEP DONE: I set POST api endpoints login
15:53:12.048 [main] DEBUG org.apache.http.impl.conn.BasicClientConnectionManager - Get connection for route {s}->https://altashop-api.fly.dev:443
15:53:12.049 [main] DEBUG org.apache.http.impl.conn.DefaultClientConnectionOperator - Connecting to altashop-api.fly.dev:443
15:53:12.310 [main] DEBUG org.apache.http.client.protocol.RequestAddCookies - CookieSpec selected: ignoreCookies
15:53:12.310 [main] DEBUG org.apache.http.client.protocol.RequestAuthCache - Auth cache not set in the context
15:53:12.310 [main] DEBUG org.apache.http.client.protocol.RequestTargetAuthentication - Target auth state: UNCHALLENGED
15:53:12.310 [main] DEBUG org.apache.http.client.protocol.RequestProxyAuthentication - Proxy auth state: UNCHALLENGED
15:53:12.310 [main] DEBUG org.apache.http.impl.client.DefaultHttpClient - Attempt 1 to execute request
15:53:12.311 [main] DEBUG org.apache.http.impl.conn.DefaultClientConnection - Sending request: POST /api/auth/login HTTP/1.1
15:53:12.311 [main] DEBUG org.apache.http.wire -  >> "POST /api/auth/login HTTP/1.1[\r][\n]"
15:53:12.311 [main] DEBUG org.apache.http.wire -  >> "Accept: */*[\r][\n]"
15:53:12.311 [main] DEBUG org.apache.http.wire -  >> "Content-Type: application/json[\r][\n]"
15:53:12.311 [main] DEBUG org.apache.http.wire -  >> "Content-Length: 50[\r][\n]"
15:53:12.311 [main] DEBUG org.apache.http.wire -  >> "Host: altashop-api.fly.dev[\r][\n]"
15:53:12.311 [main] DEBUG org.apache.http.wire -  >> "Connection: Keep-Alive[\r][\n]"
15:53:12.311 [main] DEBUG org.apache.http.wire -  >> "User-Agent: Apache-HttpClient/4.5.13 (Java/19.0.2)[\r][\n]"
15:53:12.311 [main] DEBUG org.apache.http.wire -  >> "Accept-Encoding: gzip,deflate[\r][\n]"
15:53:12.311 [main] DEBUG org.apache.http.wire -  >> "[\r][\n]"
15:53:12.311 [main] DEBUG org.apache.http.headers - >> POST /api/auth/login HTTP/1.1
15:53:12.311 [main] DEBUG org.apache.http.headers - >> Accept: */*
15:53:12.311 [main] DEBUG org.apache.http.headers - >> Content-Type: application/json
15:53:12.311 [main] DEBUG org.apache.http.headers - >> Content-Length: 50
15:53:12.311 [main] DEBUG org.apache.http.headers - >> Host: altashop-api.fly.dev
15:53:12.311 [main] DEBUG org.apache.http.headers - >> Connection: Keep-Alive
15:53:12.311 [main] DEBUG org.apache.http.headers - >> User-Agent: Apache-HttpClient/4.5.13 (Java/19.0.2)
15:53:12.311 [main] DEBUG org.apache.http.headers - >> Accept-Encoding: gzip,deflate
15:53:12.311 [main] DEBUG org.apache.http.wire -  >> "{"password":"1234567","email":"rinike4@gmail.com"}"
15:53:13.595 [main] DEBUG org.apache.http.wire -  << "HTTP/1.1 200 OK[\r][\n]"
15:53:13.595 [main] DEBUG org.apache.http.wire -  << "content-type: application/json[\r][\n]"
15:53:13.595 [main] DEBUG org.apache.http.wire -  << "date: Wed, 10 May 2023 08:53:13 GMT[\r][\n]"
15:53:13.595 [main] DEBUG org.apache.http.wire -  << "content-encoding: gzip[\r][\n]"
15:53:13.595 [main] DEBUG org.apache.http.wire -  << "transfer-encoding: chunked[\r][\n]"
15:53:13.595 [main] DEBUG org.apache.http.wire -  << "server: Fly/3f2597ca (2023-05-03)[\r][\n]"
15:53:13.595 [main] DEBUG org.apache.http.wire -  << "via: 1.1 fly.io[\r][\n]"
15:53:13.595 [main] DEBUG org.apache.http.wire -  << "fly-request-id: 01H02DTMB22FRVT7WJAQ7SNPWG-sin[\r][\n]"
15:53:13.595 [main] DEBUG org.apache.http.wire -  << "[\r][\n]"
15:53:13.595 [main] DEBUG org.apache.http.impl.conn.DefaultClientConnection - Receiving response: HTTP/1.1 200 OK
15:53:13.595 [main] DEBUG org.apache.http.headers - << HTTP/1.1 200 OK
15:53:13.595 [main] DEBUG org.apache.http.headers - << content-type: application/json
15:53:13.595 [main] DEBUG org.apache.http.headers - << date: Wed, 10 May 2023 08:53:13 GMT
15:53:13.595 [main] DEBUG org.apache.http.headers - << content-encoding: gzip
15:53:13.595 [main] DEBUG org.apache.http.headers - << transfer-encoding: chunked
15:53:13.595 [main] DEBUG org.apache.http.headers - << server: Fly/3f2597ca (2023-05-03)
15:53:13.595 [main] DEBUG org.apache.http.headers - << via: 1.1 fly.io
15:53:13.595 [main] DEBUG org.apache.http.headers - << fly-request-id: 01H02DTMB22FRVT7WJAQ7SNPWG-sin
15:53:13.596 [main] DEBUG org.apache.http.impl.client.DefaultHttpClient - Connection can be kept alive indefinitely
15:53:13.596 [main] DEBUG io.restassured.internal.RestAssuredHttpBuilder - Parsing response as: application/json
15:53:13.596 [main] DEBUG org.apache.http.wire -  << "BB[\r][\n]"
15:53:13.596 [main] DEBUG org.apache.http.wire -  << "[0x1f][0x8b][0x8][0x0][0x0][0x0][0x0][0x0][0x4][0xff][0xab]VJI,IT[0xb2]RJ[0xad][0xf4][0xca]HrO[0xce][0xf4][0xcf][0xf4][0xf2][0xc][0xad][0xf2]4[0xf4][0xcb][0xf4],[0xf6][0xcc][0xb]2Mv[0xf6]4[0xf3][0xcc].[0x88][0x8]s[0xf6][0xb2][0xd4]K[0xad][0xf4]rO[0x9][0xaf](N[0xca]u+[0x89][\n]"
15:53:13.596 [main] DEBUG org.apache.http.wire -  << "[0xf6]4[0xf3][0xcc][0xf3]*H[0xca][0xcd])[0x89][0x8c][0x8]+N[0xc][0xf][0xca][0x88][0xc]w[0xcb][0xf0][0xcc],[0xcf][0xc][\n]"
15:53:13.596 [main] DEBUG org.apache.http.wire -  << "7[0xcc]H[0xc]/[0x7][0x19]V[0x99][0x18]nZ[0x90]h[0x14]j[0x10][0xe8][0x9e]R[0x12][0x19][0x9e]S[0xec][0x93][0xeb]W[0x96][0x14][0xec]e[0xa9][0x17][0x15][0x10][0x9c]fi[0x92]S[0x19]e[0xe8]h[0xe4][0xe2][0xe1]db[0xe8]V[0x16][0x1f][0xe6][0x1f][0xe9][0x13][0x18]fXej[0x9c]h[0x10][0xef][0x18]o[0xee][0xe7][0xe5]YP[0x14][0x9c][0xae]T[0xcb][0x5][0x0]G[0x2]-j[0xa9][0x0][0x0][0x0]"
15:53:13.596 [main] DEBUG org.apache.http.wire -  << "[\r][\n]"
15:53:13.596 [main] DEBUG org.apache.http.wire -  << "0[\r][\n]"
15:53:13.596 [main] DEBUG org.apache.http.wire -  << "[\r][\n]"
15:53:13.596 [main] DEBUG io.restassured.internal.RestAssuredHttpBuilder - Parsed data to instance of: class org.apache.http.conn.EofSensorInputStream
15:53:13.598 [main] DEBUG org.apache.http.impl.conn.BasicClientConnectionManager - Releasing connection org.apache.http.impl.conn.ManagedClientConnectionImpl@5ad50b02
15:53:13.598 [main] DEBUG org.apache.http.impl.conn.BasicClientConnectionManager - Connection can be kept alive indefinitely
15:53:13.599 [main] DEBUG net.thucydides.core.steps.StepInterceptor - STEP DONE: I send POST HTTP request login
  &amp#27;[32mWhen &amp#27;[0m&amp#27;[32mI send POST HTTP request login&amp#27;[0m               &amp#27;[90m# starter.stepdefinitions.LoginSteps.sendPostHttpRequestLogin()&amp#27;[0m
15:53:13.608 [main] DEBUG net.thucydides.core.steps.StepInterceptor - STARTING STEP: LoginSteps.receiveValidHttp200Login - I receive valid HTTP response code 200 login
15:53:13.610 [main] DEBUG net.thucydides.core.steps.StepInterceptor - STEP DONE: I receive valid HTTP response code 200 login
  &amp#27;[32mThen &amp#27;[0m&amp#27;[32mI receive valid HTTP response code 200 login&amp#27;[0m &amp#27;[90m# starter.stepdefinitions.LoginSteps.receiveValidHttp200Login()&amp#27;[0m
15:53:13.629 [main] INFO  - 
  _____   ___   ___   _____     ___     _     ___   ___   ___   ___  
 |_   _| | __| / __| |_   _|   | _ \   /_\   / __| / __| | __| |   \ 
   | |   | _|  \__ \   | |     |  _/  / _ \  \__ \ \__ \ | _|  | |) |
   |_|   |___| |___/   |_|     |_|   /_/ \_\ |___/ |___/ |___| |___/ 

POST - Login with valid account
----------------------------------------------------------------------
]]></system-out>
  </testcase>
  <testcase name="POST - Login with empty email" classname="Login" time="0.617">
    <system-out><![CDATA[
Scenario: POST - Login with empty email             &amp#27;[90m# src/test/resources/features/2. Login.feature:12&amp#27;[0m
15:53:13.650 [main] DEBUG io.cucumber.core.plugin.SerenityReporter - Running feature from file:///D:/download/API_Minpro%20(1)/APIMinpro/API/minpro/src/test/resources/features/2.%20Login.feature
15:53:13.700 [main] INFO  - 
  _____   ___   ___   _____     ___   _____     _     ___   _____   ___   ___  
 |_   _| | __| / __| |_   _|   / __| |_   _|   /_\   | _ \ |_   _| | __| |   \ 
   | |   | _|  \__ \   | |     \__ \   | |    / _ \  |   /   | |   | _|  | |) |
   |_|   |___| |___/   |_|     |___/   |_|   /_/ \_\ |_|_\   |_|   |___| |___/ 

POST - Login with empty email(login;post---login-with-empty-email)
--------------------------------------------------------------------------------
15:53:13.754 [main] DEBUG net.thucydides.core.steps.StepInterceptor - STARTING STEP: LoginSteps.setPostApiEndpointsLogin - I set POST api endpoints login
15:53:13.754 [main] DEBUG net.thucydides.core.steps.StepInterceptor - STEP DONE: I set POST api endpoints login
  &amp#27;[32mGiven &amp#27;[0m&amp#27;[32mI set POST api endpoints login&amp#27;[0m              &amp#27;[90m# starter.stepdefinitions.LoginSteps.setPostApiEndpointsLogin()&amp#27;[0m
15:53:13.786 [main] DEBUG net.thucydides.core.steps.StepInterceptor - STARTING STEP: LoginSteps.sendPostHttpRequestLogin2 - I send POST HTTP request login2
15:53:13.813 [main] DEBUG net.thucydides.core.steps.StepInterceptor - STARTING STEP: Login.sendPostHttpRequestLogin2 - I set POST api endpoints login
15:53:13.813 [main] DEBUG net.thucydides.core.steps.StepInterceptor - STEP DONE: I set POST api endpoints login
15:53:13.964 [main] DEBUG org.apache.http.impl.conn.BasicClientConnectionManager - Get connection for route {s}->https://altashop-api.fly.dev:443
15:53:13.964 [main] DEBUG org.apache.http.impl.conn.DefaultClientConnectionOperator - Connecting to altashop-api.fly.dev:443
15:53:14.157 [main] DEBUG org.apache.http.client.protocol.RequestAddCookies - CookieSpec selected: ignoreCookies
15:53:14.158 [main] DEBUG org.apache.http.client.protocol.RequestAuthCache - Auth cache not set in the context
15:53:14.158 [main] DEBUG org.apache.http.client.protocol.RequestTargetAuthentication - Target auth state: UNCHALLENGED
15:53:14.158 [main] DEBUG org.apache.http.client.protocol.RequestProxyAuthentication - Proxy auth state: UNCHALLENGED
15:53:14.158 [main] DEBUG org.apache.http.impl.client.DefaultHttpClient - Attempt 1 to execute request
15:53:14.158 [main] DEBUG org.apache.http.impl.conn.DefaultClientConnection - Sending request: POST /api/auth/login HTTP/1.1
15:53:14.158 [main] DEBUG org.apache.http.wire -  >> "POST /api/auth/login HTTP/1.1[\r][\n]"
15:53:14.158 [main] DEBUG org.apache.http.wire -  >> "Accept: */*[\r][\n]"
15:53:14.158 [main] DEBUG org.apache.http.wire -  >> "Content-Type: application/json[\r][\n]"
15:53:14.158 [main] DEBUG org.apache.http.wire -  >> "Content-Length: 34[\r][\n]"
15:53:14.158 [main] DEBUG org.apache.http.wire -  >> "Host: altashop-api.fly.dev[\r][\n]"
15:53:14.158 [main] DEBUG org.apache.http.wire -  >> "Connection: Keep-Alive[\r][\n]"
15:53:14.158 [main] DEBUG org.apache.http.wire -  >> "User-Agent: Apache-HttpClient/4.5.13 (Java/19.0.2)[\r][\n]"
15:53:14.158 [main] DEBUG org.apache.http.wire -  >> "Accept-Encoding: gzip,deflate[\r][\n]"
15:53:14.158 [main] DEBUG org.apache.http.wire -  >> "[\r][\n]"
15:53:14.158 [main] DEBUG org.apache.http.headers - >> POST /api/auth/login HTTP/1.1
15:53:14.158 [main] DEBUG org.apache.http.headers - >> Accept: */*
15:53:14.158 [main] DEBUG org.apache.http.headers - >> Content-Type: application/json
15:53:14.158 [main] DEBUG org.apache.http.headers - >> Content-Length: 34
15:53:14.158 [main] DEBUG org.apache.http.headers - >> Host: altashop-api.fly.dev
15:53:14.158 [main] DEBUG org.apache.http.headers - >> Connection: Keep-Alive
15:53:14.158 [main] DEBUG org.apache.http.headers - >> User-Agent: Apache-HttpClient/4.5.13 (Java/19.0.2)
15:53:14.158 [main] DEBUG org.apache.http.headers - >> Accept-Encoding: gzip,deflate
15:53:14.158 [main] DEBUG org.apache.http.wire -  >> "{"password":"1234567","email":" "}"
15:53:14.227 [main] DEBUG org.apache.http.wire -  << "HTTP/1.1 400 Bad Request[\r][\n]"
15:53:14.227 [main] DEBUG org.apache.http.wire -  << "content-type: application/json[\r][\n]"
15:53:14.227 [main] DEBUG org.apache.http.wire -  << "date: Wed, 10 May 2023 08:53:13 GMT[\r][\n]"
15:53:14.227 [main] DEBUG org.apache.http.wire -  << "content-encoding: gzip[\r][\n]"
15:53:14.227 [main] DEBUG org.apache.http.wire -  << "transfer-encoding: chunked[\r][\n]"
15:53:14.227 [main] DEBUG org.apache.http.wire -  << "server: Fly/3f2597ca (2023-05-03)[\r][\n]"
15:53:14.227 [main] DEBUG org.apache.http.wire -  << "via: 1.1 fly.io[\r][\n]"
15:53:14.227 [main] DEBUG org.apache.http.wire -  << "fly-request-id: 01H02DTMZ88V88Y0VEKXCBNMZW-sin[\r][\n]"
15:53:14.227 [main] DEBUG org.apache.http.wire -  << "[\r][\n]"
15:53:14.227 [main] DEBUG org.apache.http.impl.conn.DefaultClientConnection - Receiving response: HTTP/1.1 400 Bad Request
15:53:14.227 [main] DEBUG org.apache.http.headers - << HTTP/1.1 400 Bad Request
15:53:14.227 [main] DEBUG org.apache.http.headers - << content-type: application/json
15:53:14.227 [main] DEBUG org.apache.http.headers - << date: Wed, 10 May 2023 08:53:13 GMT
15:53:14.227 [main] DEBUG org.apache.http.headers - << content-encoding: gzip
15:53:14.227 [main] DEBUG org.apache.http.headers - << transfer-encoding: chunked
15:53:14.227 [main] DEBUG org.apache.http.headers - << server: Fly/3f2597ca (2023-05-03)
15:53:14.227 [main] DEBUG org.apache.http.headers - << via: 1.1 fly.io
15:53:14.227 [main] DEBUG org.apache.http.headers - << fly-request-id: 01H02DTMZ88V88Y0VEKXCBNMZW-sin
15:53:14.228 [main] DEBUG org.apache.http.impl.client.DefaultHttpClient - Connection can be kept alive indefinitely
15:53:14.228 [main] DEBUG io.restassured.internal.RestAssuredHttpBuilder - Parsing response as: application/json
15:53:14.228 [main] DEBUG org.apache.http.wire -  << "3D[\r][\n]"
15:53:14.229 [main] DEBUG org.apache.http.wire -  << "[0x1f][0x8b][0x8][0x0][0x0][0x0][0x0][0x0][0x4][0xff][0xab]VJ-*[0xca]/R[0xb2]RJ[0xcd]M[0xcc][0xcc]Q[0xc8]/R(H,..[0xcf]/JQ[0xc8],V[0xc8][0xcc]+K[0xcc][0xc9]LQ[0xaa][0xe5][0x2][0x0][0xc0][0xad][0xff][0xb])[0x0][0x0][0x0]"
15:53:14.229 [main] DEBUG org.apache.http.wire -  << "[\r][\n]"
15:53:14.230 [main] DEBUG org.apache.http.wire -  << "0[\r][\n]"
15:53:14.230 [main] DEBUG org.apache.http.wire -  << "[\r][\n]"
15:53:14.230 [main] DEBUG io.restassured.internal.RestAssuredHttpBuilder - Parsed data to instance of: class org.apache.http.conn.EofSensorInputStream
15:53:14.235 [main] DEBUG org.apache.http.impl.conn.BasicClientConnectionManager - Releasing connection org.apache.http.impl.conn.ManagedClientConnectionImpl@4f9213d2
15:53:14.235 [main] DEBUG org.apache.http.impl.conn.BasicClientConnectionManager - Connection can be kept alive indefinitely
15:53:14.236 [main] DEBUG net.thucydides.core.steps.StepInterceptor - STEP DONE: I send POST HTTP request login2
  &amp#27;[32mWhen &amp#27;[0m&amp#27;[32mI send POST HTTP request login2&amp#27;[0m              &amp#27;[90m# starter.stepdefinitions.LoginSteps.sendPostHttpRequestLogin2()&amp#27;[0m
15:53:14.246 [main] DEBUG net.thucydides.core.steps.StepInterceptor - STARTING STEP: LoginSteps.receiveValidHttp400Login - I receive valid HTTP response code 400 login
15:53:14.248 [main] DEBUG net.thucydides.core.steps.StepInterceptor - STEP DONE: I receive valid HTTP response code 400 login
  &amp#27;[32mThen &amp#27;[0m&amp#27;[32mI receive valid HTTP response code 400 login&amp#27;[0m &amp#27;[90m# starter.stepdefinitions.LoginSteps.receiveValidHttp400Login()&amp#27;[0m
15:53:14.253 [main] INFO  - 
  _____   ___   ___   _____     ___     _     ___   ___   ___   ___  
 |_   _| | __| / __| |_   _|   | _ \   /_\   / __| / __| | __| |   \ 
   | |   | _|  \__ \   | |     |  _/  / _ \  \__ \ \__ \ | _|  | |) |
   |_|   |___| |___/   |_|     |_|   /_/ \_\ |___/ |___/ |___| |___/ 

POST - Login with empty email
----------------------------------------------------------------------
]]></system-out>
  </testcase>
  <testcase name="POST - Login with empty password" classname="Login" time="0.706">
    <system-out><![CDATA[
Scenario: POST - Login with empty password          &amp#27;[90m# src/test/resources/features/2. Login.feature:17&amp#27;[0m
15:53:14.262 [main] DEBUG io.cucumber.core.plugin.SerenityReporter - Running feature from file:///D:/download/API_Minpro%20(1)/APIMinpro/API/minpro/src/test/resources/features/2.%20Login.feature
15:53:14.265 [main] INFO  - 
  _____   ___   ___   _____     ___   _____     _     ___   _____   ___   ___  
 |_   _| | __| / __| |_   _|   / __| |_   _|   /_\   | _ \ |_   _| | __| |   \ 
   | |   | _|  \__ \   | |     \__ \   | |    / _ \  |   /   | |   | _|  | |) |
   |_|   |___| |___/   |_|     |___/   |_|   /_/ \_\ |_|_\   |_|   |___| |___/ 

POST - Login with empty password(login;post---login-with-empty-password)
--------------------------------------------------------------------------------
15:53:14.359 [main] DEBUG net.thucydides.core.steps.StepInterceptor - STARTING STEP: LoginSteps.setPostApiEndpointsLogin - I set POST api endpoints login
15:53:14.359 [main] DEBUG net.thucydides.core.steps.StepInterceptor - STEP DONE: I set POST api endpoints login
  &amp#27;[32mGiven &amp#27;[0m&amp#27;[32mI set POST api endpoints login&amp#27;[0m              &amp#27;[90m# starter.stepdefinitions.LoginSteps.setPostApiEndpointsLogin()&amp#27;[0m
15:53:14.371 [main] DEBUG net.thucydides.core.steps.StepInterceptor - STARTING STEP: LoginSteps.sendPostHttpRequestLogin3 - I send POST HTTP request login3
15:53:14.377 [main] DEBUG net.thucydides.core.steps.StepInterceptor - STARTING STEP: Login.sendPostHttpRequestLogin3 - I set POST api endpoints login
15:53:14.380 [main] DEBUG net.thucydides.core.steps.StepInterceptor - STEP DONE: I set POST api endpoints login
15:53:14.698 [main] DEBUG org.apache.http.impl.conn.BasicClientConnectionManager - Get connection for route {s}->https://altashop-api.fly.dev:443
15:53:14.698 [main] DEBUG org.apache.http.impl.conn.DefaultClientConnectionOperator - Connecting to altashop-api.fly.dev:443
15:53:14.869 [main] DEBUG org.apache.http.client.protocol.RequestAddCookies - CookieSpec selected: ignoreCookies
15:53:14.869 [main] DEBUG org.apache.http.client.protocol.RequestAuthCache - Auth cache not set in the context
15:53:14.869 [main] DEBUG org.apache.http.client.protocol.RequestTargetAuthentication - Target auth state: UNCHALLENGED
15:53:14.869 [main] DEBUG org.apache.http.client.protocol.RequestProxyAuthentication - Proxy auth state: UNCHALLENGED
15:53:14.869 [main] DEBUG org.apache.http.impl.client.DefaultHttpClient - Attempt 1 to execute request
15:53:14.869 [main] DEBUG org.apache.http.impl.conn.DefaultClientConnection - Sending request: POST /api/auth/login HTTP/1.1
15:53:14.871 [main] DEBUG org.apache.http.wire -  >> "POST /api/auth/login HTTP/1.1[\r][\n]"
15:53:14.871 [main] DEBUG org.apache.http.wire -  >> "Accept: */*[\r][\n]"
15:53:14.871 [main] DEBUG org.apache.http.wire -  >> "Content-Type: application/json[\r][\n]"
15:53:14.871 [main] DEBUG org.apache.http.wire -  >> "Content-Length: 43[\r][\n]"
15:53:14.871 [main] DEBUG org.apache.http.wire -  >> "Host: altashop-api.fly.dev[\r][\n]"
15:53:14.871 [main] DEBUG org.apache.http.wire -  >> "Connection: Keep-Alive[\r][\n]"
15:53:14.872 [main] DEBUG org.apache.http.wire -  >> "User-Agent: Apache-HttpClient/4.5.13 (Java/19.0.2)[\r][\n]"
15:53:14.872 [main] DEBUG org.apache.http.wire -  >> "Accept-Encoding: gzip,deflate[\r][\n]"
15:53:14.872 [main] DEBUG org.apache.http.wire -  >> "[\r][\n]"
15:53:14.872 [main] DEBUG org.apache.http.headers - >> POST /api/auth/login HTTP/1.1
15:53:14.872 [main] DEBUG org.apache.http.headers - >> Accept: */*
15:53:14.872 [main] DEBUG org.apache.http.headers - >> Content-Type: application/json
15:53:14.872 [main] DEBUG org.apache.http.headers - >> Content-Length: 43
15:53:14.872 [main] DEBUG org.apache.http.headers - >> Host: altashop-api.fly.dev
15:53:14.872 [main] DEBUG org.apache.http.headers - >> Connection: Keep-Alive
15:53:14.872 [main] DEBUG org.apache.http.headers - >> User-Agent: Apache-HttpClient/4.5.13 (Java/19.0.2)
15:53:14.872 [main] DEBUG org.apache.http.headers - >> Accept-Encoding: gzip,deflate
15:53:14.872 [main] DEBUG org.apache.http.wire -  >> "{"password":" ","email":"someone@mail.com"}"
15:53:14.941 [main] DEBUG org.apache.http.wire -  << "HTTP/1.1 400 Bad Request[\r][\n]"
15:53:14.942 [main] DEBUG org.apache.http.wire -  << "content-type: application/json[\r][\n]"
15:53:14.942 [main] DEBUG org.apache.http.wire -  << "date: Wed, 10 May 2023 08:53:14 GMT[\r][\n]"
15:53:14.942 [main] DEBUG org.apache.http.wire -  << "content-encoding: gzip[\r][\n]"
15:53:14.942 [main] DEBUG org.apache.http.wire -  << "transfer-encoding: chunked[\r][\n]"
15:53:14.942 [main] DEBUG org.apache.http.wire -  << "server: Fly/3f2597ca (2023-05-03)[\r][\n]"
15:53:14.942 [main] DEBUG org.apache.http.wire -  << "via: 1.1 fly.io[\r][\n]"
15:53:14.942 [main] DEBUG org.apache.http.wire -  << "fly-request-id: 01H02DTNNCSDDW6QSKJ0765EZ9-sin[\r][\n]"
15:53:14.942 [main] DEBUG org.apache.http.wire -  << "[\r][\n]"
15:53:14.942 [main] DEBUG org.apache.http.impl.conn.DefaultClientConnection - Receiving response: HTTP/1.1 400 Bad Request
15:53:14.942 [main] DEBUG org.apache.http.headers - << HTTP/1.1 400 Bad Request
15:53:14.942 [main] DEBUG org.apache.http.headers - << content-type: application/json
15:53:14.942 [main] DEBUG org.apache.http.headers - << date: Wed, 10 May 2023 08:53:14 GMT
15:53:14.942 [main] DEBUG org.apache.http.headers - << content-encoding: gzip
15:53:14.942 [main] DEBUG org.apache.http.headers - << transfer-encoding: chunked
15:53:14.942 [main] DEBUG org.apache.http.headers - << server: Fly/3f2597ca (2023-05-03)
15:53:14.942 [main] DEBUG org.apache.http.headers - << via: 1.1 fly.io
15:53:14.942 [main] DEBUG org.apache.http.headers - << fly-request-id: 01H02DTNNCSDDW6QSKJ0765EZ9-sin
15:53:14.942 [main] DEBUG org.apache.http.impl.client.DefaultHttpClient - Connection can be kept alive indefinitely
15:53:14.943 [main] DEBUG io.restassured.internal.RestAssuredHttpBuilder - Parsing response as: application/json
15:53:14.943 [main] DEBUG org.apache.http.wire -  << "3D[\r][\n]"
15:53:14.943 [main] DEBUG org.apache.http.wire -  << "[0x1f][0x8b][0x8][0x0][0x0][0x0][0x0][0x0][0x4][0xff][0xab]VJ-*[0xca]/R[0xb2]RJ[0xcd]M[0xcc][0xcc]Q[0xc8]/R(H,..[0xcf]/JQ[0xc8],V[0xc8][0xcc]+K[0xcc][0xc9]LQ[0xaa][0xe5][0x2][0x0][0xc0][0xad][0xff][0xb])[0x0][0x0][0x0]"
15:53:14.943 [main] DEBUG org.apache.http.wire -  << "[\r][\n]"
15:53:14.943 [main] DEBUG org.apache.http.wire -  << "0[\r][\n]"
15:53:14.943 [main] DEBUG org.apache.http.wire -  << "[\r][\n]"
15:53:14.943 [main] DEBUG io.restassured.internal.RestAssuredHttpBuilder - Parsed data to instance of: class org.apache.http.conn.EofSensorInputStream
15:53:14.945 [main] DEBUG org.apache.http.impl.conn.BasicClientConnectionManager - Releasing connection org.apache.http.impl.conn.ManagedClientConnectionImpl@7db06c50
15:53:14.945 [main] DEBUG org.apache.http.impl.conn.BasicClientConnectionManager - Connection can be kept alive indefinitely
15:53:14.946 [main] DEBUG net.thucydides.core.steps.StepInterceptor - STEP DONE: I send POST HTTP request login3
  &amp#27;[32mWhen &amp#27;[0m&amp#27;[32mI send POST HTTP request login3&amp#27;[0m              &amp#27;[90m# starter.stepdefinitions.LoginSteps.sendPostHttpRequestLogin3()&amp#27;[0m
15:53:14.954 [main] DEBUG net.thucydides.core.steps.StepInterceptor - STARTING STEP: LoginSteps.receiveValidHttp400Login - I receive valid HTTP response code 400 login
15:53:14.955 [main] DEBUG net.thucydides.core.steps.StepInterceptor - STEP DONE: I receive valid HTTP response code 400 login
  &amp#27;[32mThen &amp#27;[0m&amp#27;[32mI receive valid HTTP response code 400 login&amp#27;[0m &amp#27;[90m# starter.stepdefinitions.LoginSteps.receiveValidHttp400Login()&amp#27;[0m
15:53:14.959 [main] INFO  - 
  _____   ___   ___   _____     ___     _     ___   ___   ___   ___  
 |_   _| | __| / __| |_   _|   | _ \   /_\   / __| / __| | __| |   \ 
   | |   | _|  \__ \   | |     |  _/  / _ \  \__ \ \__ \ | _|  | |) |
   |_|   |___| |___/   |_|     |_|   /_/ \_\ |___/ |___/ |___| |___/ 

POST - Login with empty password
----------------------------------------------------------------------
]]></system-out>
  </testcase>
  <testcase name="POST - Login without payload" classname="Login" time="0.424">
    <system-out><![CDATA[
Scenario: POST - Login without payload              &amp#27;[90m# src/test/resources/features/2. Login.feature:22&amp#27;[0m
15:53:14.972 [main] DEBUG io.cucumber.core.plugin.SerenityReporter - Running feature from file:///D:/download/API_Minpro%20(1)/APIMinpro/API/minpro/src/test/resources/features/2.%20Login.feature
15:53:14.975 [main] INFO  - 
  _____   ___   ___   _____     ___   _____     _     ___   _____   ___   ___  
 |_   _| | __| / __| |_   _|   / __| |_   _|   /_\   | _ \ |_   _| | __| |   \ 
   | |   | _|  \__ \   | |     \__ \   | |    / _ \  |   /   | |   | _|  | |) |
   |_|   |___| |___/   |_|     |___/   |_|   /_/ \_\ |_|_\   |_|   |___| |___/ 

POST - Login without payload(login;post---login-without-payload)
--------------------------------------------------------------------------------
15:53:15.026 [main] DEBUG net.thucydides.core.steps.StepInterceptor - STARTING STEP: LoginSteps.setPostApiEndpointsLogin - I set POST api endpoints login
15:53:15.026 [main] DEBUG net.thucydides.core.steps.StepInterceptor - STEP DONE: I set POST api endpoints login
  &amp#27;[32mGiven &amp#27;[0m&amp#27;[32mI set POST api endpoints login&amp#27;[0m              &amp#27;[90m# starter.stepdefinitions.LoginSteps.setPostApiEndpointsLogin()&amp#27;[0m
15:53:15.041 [main] DEBUG net.thucydides.core.steps.StepInterceptor - STARTING STEP: LoginSteps.sendPostHttpRequestLogin4 - I send POST HTTP request login4
15:53:15.043 [main] DEBUG net.thucydides.core.steps.StepInterceptor - STARTING STEP: Login.sendPostHttpRequestLogin4 - I set POST api endpoints login
15:53:15.044 [main] DEBUG net.thucydides.core.steps.StepInterceptor - STEP DONE: I set POST api endpoints login
15:53:15.121 [main] DEBUG org.apache.http.impl.conn.BasicClientConnectionManager - Get connection for route {s}->https://altashop-api.fly.dev:443
15:53:15.122 [main] DEBUG org.apache.http.impl.conn.DefaultClientConnectionOperator - Connecting to altashop-api.fly.dev:443
15:53:15.283 [main] DEBUG org.apache.http.client.protocol.RequestAddCookies - CookieSpec selected: ignoreCookies
15:53:15.283 [main] DEBUG org.apache.http.client.protocol.RequestAuthCache - Auth cache not set in the context
15:53:15.283 [main] DEBUG org.apache.http.client.protocol.RequestTargetAuthentication - Target auth state: UNCHALLENGED
15:53:15.283 [main] DEBUG org.apache.http.client.protocol.RequestProxyAuthentication - Proxy auth state: UNCHALLENGED
15:53:15.283 [main] DEBUG org.apache.http.impl.client.DefaultHttpClient - Attempt 1 to execute request
15:53:15.283 [main] DEBUG org.apache.http.impl.conn.DefaultClientConnection - Sending request: POST /api/auth/login HTTP/1.1
15:53:15.283 [main] DEBUG org.apache.http.wire -  >> "POST /api/auth/login HTTP/1.1[\r][\n]"
15:53:15.283 [main] DEBUG org.apache.http.wire -  >> "Accept: */*[\r][\n]"
15:53:15.283 [main] DEBUG org.apache.http.wire -  >> "Content-Type: application/json[\r][\n]"
15:53:15.283 [main] DEBUG org.apache.http.wire -  >> "Content-Length: 9[\r][\n]"
15:53:15.283 [main] DEBUG org.apache.http.wire -  >> "Host: altashop-api.fly.dev[\r][\n]"
15:53:15.283 [main] DEBUG org.apache.http.wire -  >> "Connection: Keep-Alive[\r][\n]"
15:53:15.283 [main] DEBUG org.apache.http.wire -  >> "User-Agent: Apache-HttpClient/4.5.13 (Java/19.0.2)[\r][\n]"
15:53:15.283 [main] DEBUG org.apache.http.wire -  >> "Accept-Encoding: gzip,deflate[\r][\n]"
15:53:15.283 [main] DEBUG org.apache.http.wire -  >> "[\r][\n]"
15:53:15.283 [main] DEBUG org.apache.http.headers - >> POST /api/auth/login HTTP/1.1
15:53:15.283 [main] DEBUG org.apache.http.headers - >> Accept: */*
15:53:15.283 [main] DEBUG org.apache.http.headers - >> Content-Type: application/json
15:53:15.283 [main] DEBUG org.apache.http.headers - >> Content-Length: 9
15:53:15.283 [main] DEBUG org.apache.http.headers - >> Host: altashop-api.fly.dev
15:53:15.283 [main] DEBUG org.apache.http.headers - >> Connection: Keep-Alive
15:53:15.283 [main] DEBUG org.apache.http.headers - >> User-Agent: Apache-HttpClient/4.5.13 (Java/19.0.2)
15:53:15.283 [main] DEBUG org.apache.http.headers - >> Accept-Encoding: gzip,deflate
15:53:15.283 [main] DEBUG org.apache.http.wire -  >> "{" ":" "}"
15:53:15.371 [main] DEBUG org.apache.http.wire -  << "HTTP/1.1 400 Bad Request[\r][\n]"
15:53:15.371 [main] DEBUG org.apache.http.wire -  << "content-type: application/json[\r][\n]"
15:53:15.371 [main] DEBUG org.apache.http.wire -  << "date: Wed, 10 May 2023 08:53:14 GMT[\r][\n]"
15:53:15.371 [main] DEBUG org.apache.http.wire -  << "content-encoding: gzip[\r][\n]"
15:53:15.371 [main] DEBUG org.apache.http.wire -  << "transfer-encoding: chunked[\r][\n]"
15:53:15.371 [main] DEBUG org.apache.http.wire -  << "server: Fly/3f2597ca (2023-05-03)[\r][\n]"
[...]
15:53:23.456 [main] DEBUG org.apache.http.headers - << server: Fly/3f2597ca (2023-05-03)
15:53:23.456 [main] DEBUG org.apache.http.headers - << via: 1.1 fly.io
15:53:23.456 [main] DEBUG org.apache.http.headers - << fly-request-id: 01H02DTXZFC0N7GK94GV5EVDH9-sin
15:53:23.456 [main] DEBUG org.apache.http.impl.client.DefaultHttpClient - Connection can be kept alive indefinitely
15:53:23.456 [main] DEBUG io.restassured.internal.RestAssuredHttpBuilder - Parsing response as: application/json
15:53:23.456 [main] DEBUG org.apache.http.wire -  << "94[\r][\n]"
15:53:23.456 [main] DEBUG org.apache.http.wire -  << "[0x1f][0x8b][0x8][0x0][0x0][0x0][0x0][0x0][0x4][0xff][0xab]VJI,IT[0xb2][0xaa]V[0xf2]tQ[0xb2]24650[0xd0]Q[0xf2]K[0xcc]MU[0xb2]R[0x8a]p[0xf2][0x8f]0T[0xd2]QrI-N.[0xca],([0xc9][0xcc][0xcf]S[0xb2]RR[0xd2]Q[\n]"
15:53:23.456 [main] DEBUG org.apache.http.wire -  << "([0xca]LNU[0xb2]2[0xb1][0xb4][0xd4]Q[\n]"
15:53:23.456 [main] DEBUG org.apache.http.wire -  << "J,[0xc9][0xcc]K/V[0xb2]2[0xd5]QrN,IM[0xcf]/[0xca]L-V[0xb2][0x8a][0x86][0x9a]hdjb[0x8]7[0xd1]=173/[0x1d][0xc3]H[0xb7][0xfc]"[0x85]t[0xb0][0x94]BAiQA~qj[0xb1]Rmlm-[0x17][0x0][0xf1]sX[0xfa][0x9e][0x0][0x0][0x0]"
15:53:23.456 [main] DEBUG org.apache.http.wire -  << "[\r][\n]"
15:53:23.457 [main] DEBUG org.apache.http.wire -  << "0[\r][\n]"
15:53:23.457 [main] DEBUG org.apache.http.wire -  << "[\r][\n]"
15:53:23.457 [main] DEBUG io.restassured.internal.RestAssuredHttpBuilder - Parsed data to instance of: class org.apache.http.conn.EofSensorInputStream
15:53:23.459 [main] DEBUG org.apache.http.impl.conn.BasicClientConnectionManager - Releasing connection org.apache.http.impl.conn.ManagedClientConnectionImpl@7e764e5c
15:53:23.459 [main] DEBUG org.apache.http.impl.conn.BasicClientConnectionManager - Connection can be kept alive indefinitely
15:53:23.460 [main] DEBUG net.thucydides.core.steps.StepInterceptor - STEP DONE: I send POST HTTP request rating
  &amp#27;[32mWhen &amp#27;[0m&amp#27;[32mI send POST HTTP request rating&amp#27;[0m               &amp#27;[90m# starter.stepdefinitions.RatingSteps.sentPostHttpRequestRating()&amp#27;[0m
15:53:23.466 [main] DEBUG net.thucydides.core.steps.StepInterceptor - STARTING STEP: RatingSteps.receiveValidHttp200Rating - I receive valid HTTP response code 200 rating
15:53:23.467 [main] DEBUG net.thucydides.core.steps.StepInterceptor - STEP DONE: I receive valid HTTP response code 200 rating
  &amp#27;[32mThen &amp#27;[0m&amp#27;[32mI receive valid HTTP response code 200 rating&amp#27;[0m &amp#27;[90m# starter.stepdefinitions.RatingSteps.receiveValidHttp200Rating()&amp#27;[0m
15:53:23.470 [main] INFO  - 
  _____   ___   ___   _____     ___     _     ___   ___   ___   ___  
 |_   _| | __| / __| |_   _|   | _ \   /_\   / __| / __| | __| |   \ 
   | |   | _|  \__ \   | |     |  _/  / _ \  \__ \ \__ \ | _|  | |) |
   |_|   |___| |___/   |_|     |_|   /_/ \_\ |___/ |___/ |___| |___/ 

POST - Give product rating
----------------------------------------------------------------------
]]></system-out>
  </testcase>
  <testcase name="POST - Give product rating out of bond" classname="Rating" time="0.329">
    <system-out><![CDATA[
Scenario: POST - Give product rating out of bond     &amp#27;[90m# src/test/resources/features/7. Rating.feature:12&amp#27;[0m
15:53:23.480 [main] DEBUG io.cucumber.core.plugin.SerenityReporter - Running feature from file:///D:/download/API_Minpro%20(1)/APIMinpro/API/minpro/src/test/resources/features/7.%20Rating.feature
15:53:23.484 [main] INFO  - 
  _____   ___   ___   _____     ___   _____     _     ___   _____   ___   ___  
 |_   _| | __| / __| |_   _|   / __| |_   _|   /_\   | _ \ |_   _| | __| |   \ 
   | |   | _|  \__ \   | |     \__ \   | |    / _ \  |   /   | |   | _|  | |) |
   |_|   |___| |___/   |_|     |___/   |_|   /_/ \_\ |_|_\   |_|   |___| |___/ 

POST - Give product rating out of bond(rating;post---give-product-rating-out-of-bond)
--------------------------------------------------------------------------------
15:53:23.507 [main] DEBUG net.thucydides.core.steps.StepInterceptor - STARTING STEP: RatingSteps.setPostApiEndpointRating2 - I set POST api endpoints rating2
15:53:23.508 [main] DEBUG net.thucydides.core.steps.StepInterceptor - STEP DONE: I set POST api endpoints rating2
  &amp#27;[32mGiven &amp#27;[0m&amp#27;[32mI set POST api endpoints rating2&amp#27;[0m             &amp#27;[90m# starter.stepdefinitions.RatingSteps.setPostApiEndpointRating2()&amp#27;[0m
15:53:23.513 [main] DEBUG net.thucydides.core.steps.StepInterceptor - STARTING STEP: RatingSteps.sendPostHttpRequestRating2 - I send POST HTTP request rating
15:53:23.516 [main] DEBUG net.thucydides.core.steps.StepInterceptor - STARTING STEP: Rating.sendPostHttpRequestRating2 - I set POST api endpoints rating2
15:53:23.516 [main] DEBUG net.thucydides.core.steps.StepInterceptor - STEP DONE: I set POST api endpoints rating2
15:53:23.528 [main] DEBUG org.apache.http.impl.conn.BasicClientConnectionManager - Get connection for route {s}->https://altashop-api.fly.dev:443
15:53:23.529 [main] DEBUG org.apache.http.impl.conn.DefaultClientConnectionOperator - Connecting to altashop-api.fly.dev:443
15:53:23.712 [main] DEBUG org.apache.http.client.protocol.RequestAddCookies - CookieSpec selected: ignoreCookies
15:53:23.712 [main] DEBUG org.apache.http.client.protocol.RequestAuthCache - Auth cache not set in the context
15:53:23.712 [main] DEBUG org.apache.http.client.protocol.RequestProxyAuthentication - Proxy auth state: UNCHALLENGED
15:53:23.712 [main] DEBUG org.apache.http.impl.client.DefaultHttpClient - Attempt 1 to execute request
15:53:23.712 [main] DEBUG org.apache.http.impl.conn.DefaultClientConnection - Sending request: POST /api/products/13500/ratings HTTP/1.1
15:53:23.712 [main] DEBUG org.apache.http.wire -  >> "POST /api/products/13500/ratings HTTP/1.1[\r][\n]"
15:53:23.712 [main] DEBUG org.apache.http.wire -  >> "Authorization: Bearer eyJhbGciOiJIUzI1NiIsInR5cCI6IkpXVCJ9.eyJGdWxsbmFtZSI6IkFkaXR5YSBOdWdyYWhhIiwiRW1haWwiOiJhZGl0QGdtYWlsLmNvbSJ9.VM2lARkmmliu1pWtk1uhb8z5fGaElvH1jIoYM72Te3g[\r][\n]"
15:53:23.712 [main] DEBUG org.apache.http.wire -  >> "Accept: */*[\r][\n]"
15:53:23.712 [main] DEBUG org.apache.http.wire -  >> "Content-Type: text/plain; charset=ISO-8859-1[\r][\n]"
15:53:23.712 [main] DEBUG org.apache.http.wire -  >> "Content-Length: 12[\r][\n]"
15:53:23.712 [main] DEBUG org.apache.http.wire -  >> "Host: altashop-api.fly.dev[\r][\n]"
15:53:23.712 [main] DEBUG org.apache.http.wire -  >> "Connection: Keep-Alive[\r][\n]"
15:53:23.712 [main] DEBUG org.apache.http.wire -  >> "User-Agent: Apache-HttpClient/4.5.13 (Java/19.0.2)[\r][\n]"
15:53:23.712 [main] DEBUG org.apache.http.wire -  >> "Accept-Encoding: gzip,deflate[\r][\n]"
15:53:23.712 [main] DEBUG org.apache.http.wire -  >> "[\r][\n]"
15:53:23.712 [main] DEBUG org.apache.http.headers - >> POST /api/products/13500/ratings HTTP/1.1
15:53:23.712 [main] DEBUG org.apache.http.headers - >> Authorization: Bearer eyJhbGciOiJIUzI1NiIsInR5cCI6IkpXVCJ9.eyJGdWxsbmFtZSI6IkFkaXR5YSBOdWdyYWhhIiwiRW1haWwiOiJhZGl0QGdtYWlsLmNvbSJ9.VM2lARkmmliu1pWtk1uhb8z5fGaElvH1jIoYM72Te3g
15:53:23.712 [main] DEBUG org.apache.http.headers - >> Accept: */*
15:53:23.712 [main] DEBUG org.apache.http.headers - >> Content-Type: text/plain; charset=ISO-8859-1
15:53:23.713 [main] DEBUG org.apache.http.headers - >> Content-Length: 12
15:53:23.713 [main] DEBUG org.apache.http.headers - >> Host: altashop-api.fly.dev
15:53:23.713 [main] DEBUG org.apache.http.headers - >> Connection: Keep-Alive
15:53:23.713 [main] DEBUG org.apache.http.headers - >> User-Agent: Apache-HttpClient/4.5.13 (Java/19.0.2)
15:53:23.713 [main] DEBUG org.apache.http.headers - >> Accept-Encoding: gzip,deflate
15:53:23.713 [main] DEBUG org.apache.http.wire -  >> "{"count":10}"
15:53:23.786 [main] DEBUG org.apache.http.wire -  << "HTTP/1.1 500 Internal Server Error[\r][\n]"
15:53:23.786 [main] DEBUG org.apache.http.wire -  << "content-type: application/json[\r][\n]"
15:53:23.786 [main] DEBUG org.apache.http.wire -  << "date: Wed, 10 May 2023 08:53:23 GMT[\r][\n]"
15:53:23.786 [main] DEBUG org.apache.http.wire -  << "content-encoding: gzip[\r][\n]"
15:53:23.786 [main] DEBUG org.apache.http.wire -  << "transfer-encoding: chunked[\r][\n]"
15:53:23.786 [main] DEBUG org.apache.http.wire -  << "server: Fly/3f2597ca (2023-05-03)[\r][\n]"
15:53:23.786 [main] DEBUG org.apache.http.wire -  << "via: 1.1 fly.io[\r][\n]"
15:53:23.786 [main] DEBUG org.apache.http.wire -  << "fly-request-id: 01H02DTY9M7KK31EBKFE02Z3KW-sin[\r][\n]"
15:53:23.786 [main] DEBUG org.apache.http.wire -  << "[\r][\n]"
15:53:23.787 [main] DEBUG org.apache.http.impl.conn.DefaultClientConnection - Receiving response: HTTP/1.1 500 Internal Server Error
15:53:23.787 [main] DEBUG org.apache.http.headers - << HTTP/1.1 500 Internal Server Error
15:53:23.787 [main] DEBUG org.apache.http.headers - << content-type: application/json
15:53:23.787 [main] DEBUG org.apache.http.headers - << date: Wed, 10 May 2023 08:53:23 GMT
15:53:23.787 [main] DEBUG org.apache.http.headers - << content-encoding: gzip
15:53:23.787 [main] DEBUG org.apache.http.headers - << transfer-encoding: chunked
15:53:23.787 [main] DEBUG org.apache.http.headers - << server: Fly/3f2597ca (2023-05-03)
15:53:23.787 [main] DEBUG org.apache.http.headers - << via: 1.1 fly.io
15:53:23.787 [main] DEBUG org.apache.http.headers - << fly-request-id: 01H02DTY9M7KK31EBKFE02Z3KW-sin
15:53:23.787 [main] DEBUG org.apache.http.impl.client.DefaultHttpClient - Connection can be kept alive indefinitely
15:53:23.787 [main] DEBUG io.restassured.internal.RestAssuredHttpBuilder - Parsing response as: application/json
15:53:23.787 [main] DEBUG org.apache.http.wire -  << "80[\r][\n]"
15:53:23.787 [main] DEBUG org.apache.http.wire -  << "[0x1f][0x8b][0x8][0x0][0x0][0x0][0x0][0x0][0x4][0xff][0xab]VJ-*[0xca]/R[0xb2]Rr[\r][\n]"
15:53:23.787 [main] DEBUG org.apache.http.wire -  << "[0xf2][0xf][0xb2]R[0xc8]K-W([0xca]/WH[0xcb]/R(J[0xcd]I,[0xc9][0xcc][0xcf]S[0x88]Q*J,[0xc9][0xcc]K/[0x8e]QR([0xcb][0xcc][0xcf]I,I-VH[0xce]HM[0xce]VH[0xce][0xcf]+.)J[0xcc][0xcc]+A[0xa8][0x8a]O[0xce]/[0xcd]+[0x89][0x7]+[0x88]QR[0xd0][0x8][0xe][0xf4][0x9][0xe]q[0xc]qU02654[0xd1]T[0xaa][0xe5][0x2][0x0]t[0xdc]t[0xaa]w[0x0][0x0][0x0]"
15:53:23.787 [main] DEBUG org.apache.http.wire -  << "[\r][\n]"
15:53:23.787 [main] DEBUG org.apache.http.wire -  << "0[\r][\n]"
15:53:23.787 [main] DEBUG org.apache.http.wire -  << "[\r][\n]"
15:53:23.788 [main] DEBUG io.restassured.internal.RestAssuredHttpBuilder - Parsed data to instance of: class org.apache.http.conn.EofSensorInputStream
15:53:23.790 [main] DEBUG org.apache.http.impl.conn.BasicClientConnectionManager - Releasing connection org.apache.http.impl.conn.ManagedClientConnectionImpl@6e069ca9
15:53:23.790 [main] DEBUG org.apache.http.impl.conn.BasicClientConnectionManager - Connection can be kept alive indefinitely
15:53:23.791 [main] DEBUG net.thucydides.core.steps.StepInterceptor - STEP DONE: I send POST HTTP request rating
  &amp#27;[32mWhen &amp#27;[0m&amp#27;[32mI send POST HTTP request rating2&amp#27;[0m              &amp#27;[90m# starter.stepdefinitions.RatingSteps.sendPostHttpRequestRating2()&amp#27;[0m
15:53:23.795 [main] DEBUG net.thucydides.core.steps.StepInterceptor - STARTING STEP: RatingSteps.receiveValidHttp500Rating - Then I receive valid HTTP response code 500 rating
15:53:23.797 [main] DEBUG net.thucydides.core.steps.StepInterceptor - STEP DONE: Then I receive valid HTTP response code 500 rating
  &amp#27;[32mThen &amp#27;[0m&amp#27;[32mI receive valid HTTP response code 500 rating&amp#27;[0m &amp#27;[90m# starter.stepdefinitions.RatingSteps.receiveValidHttp500Rating()&amp#27;[0m
15:53:23.800 [main] INFO  - 
  _____   ___   ___   _____     ___     _     ___   ___   ___   ___  
 |_   _| | __| / __| |_   _|   | _ \   /_\   / __| / __| | __| |   \ 
   | |   | _|  \__ \   | |     |  _/  / _ \  \__ \ \__ \ | _|  | |) |
   |_|   |___| |___/   |_|     |_|   /_/ \_\ |___/ |___/ |___| |___/ 

POST - Give product rating out of bond
----------------------------------------------------------------------
]]></system-out>
  </testcase>
  <testcase name="GET - Get product rating" classname="Rating" time="0.288">
    <system-out><![CDATA[
Scenario: GET - Get product rating                   &amp#27;[90m# src/test/resources/features/7. Rating.feature:17&amp#27;[0m
15:53:23.811 [main] DEBUG io.cucumber.core.plugin.SerenityReporter - Running feature from file:///D:/download/API_Minpro%20(1)/APIMinpro/API/minpro/src/test/resources/features/7.%20Rating.feature
15:53:23.815 [main] INFO  - 
  _____   ___   ___   _____     ___   _____     _     ___   _____   ___   ___  
 |_   _| | __| / __| |_   _|   / __| |_   _|   /_\   | _ \ |_   _| | __| |   \ 
   | |   | _|  \__ \   | |     \__ \   | |    / _ \  |   /   | |   | _|  | |) |
   |_|   |___| |___/   |_|     |___/   |_|   /_/ \_\ |_|_\   |_|   |___| |___/ 

GET - Get product rating(rating;get---get-product-rating)
--------------------------------------------------------------------------------
15:53:23.835 [main] DEBUG net.thucydides.core.steps.StepInterceptor - STARTING STEP: RatingSteps.setGetApiEndpointRating - I set GET api endpoints rating
15:53:23.835 [main] DEBUG net.thucydides.core.steps.StepInterceptor - STEP DONE: I set GET api endpoints rating
  &amp#27;[32mGiven &amp#27;[0m&amp#27;[32mI set GET api endpoints rating&amp#27;[0m               &amp#27;[90m# starter.stepdefinitions.RatingSteps.setGetApiEndpointRating()&amp#27;[0m
15:53:23.840 [main] DEBUG net.thucydides.core.steps.StepInterceptor - STARTING STEP: RatingSteps.sendGetHttpRequestRating - I send GET HTTP request rating
15:53:23.841 [main] DEBUG net.thucydides.core.steps.StepInterceptor - STARTING STEP: Rating.sendGetHttpRequestRating - I set GET api endpoints rating
15:53:23.841 [main] DEBUG net.thucydides.core.steps.StepInterceptor - STEP DONE: I set GET api endpoints rating
15:53:23.849 [main] DEBUG org.apache.http.impl.conn.BasicClientConnectionManager - Get connection for route {s}->https://altashop-api.fly.dev:443
15:53:23.849 [main] DEBUG org.apache.http.impl.conn.DefaultClientConnectionOperator - Connecting to altashop-api.fly.dev:443
15:53:23.992 [main] DEBUG org.apache.http.client.protocol.RequestAddCookies - CookieSpec selected: ignoreCookies
15:53:23.992 [main] DEBUG org.apache.http.client.protocol.RequestAuthCache - Auth cache not set in the context
15:53:23.993 [main] DEBUG org.apache.http.client.protocol.RequestTargetAuthentication - Target auth state: UNCHALLENGED
15:53:23.993 [main] DEBUG org.apache.http.client.protocol.RequestProxyAuthentication - Proxy auth state: UNCHALLENGED
15:53:23.993 [main] DEBUG org.apache.http.impl.client.DefaultHttpClient - Attempt 1 to execute request
15:53:23.993 [main] DEBUG org.apache.http.impl.conn.DefaultClientConnection - Sending request: GET /api/products/13500/ratings HTTP/1.1
15:53:23.993 [main] DEBUG org.apache.http.wire -  >> "GET /api/products/13500/ratings HTTP/1.1[\r][\n]"
15:53:23.993 [main] DEBUG org.apache.http.wire -  >> "Accept: */*[\r][\n]"
15:53:23.993 [main] DEBUG org.apache.http.wire -  >> "Host: altashop-api.fly.dev[\r][\n]"
15:53:23.993 [main] DEBUG org.apache.http.wire -  >> "Connection: Keep-Alive[\r][\n]"
15:53:23.993 [main] DEBUG org.apache.http.wire -  >> "User-Agent: Apache-HttpClient/4.5.13 (Java/19.0.2)[\r][\n]"
15:53:23.993 [main] DEBUG org.apache.http.wire -  >> "Accept-Encoding: gzip,deflate[\r][\n]"
15:53:23.993 [main] DEBUG org.apache.http.wire -  >> "[\r][\n]"
15:53:23.993 [main] DEBUG org.apache.http.headers - >> GET /api/products/13500/ratings HTTP/1.1
15:53:23.993 [main] DEBUG org.apache.http.headers - >> Accept: */*
15:53:23.993 [main] DEBUG org.apache.http.headers - >> Host: altashop-api.fly.dev
15:53:23.993 [main] DEBUG org.apache.http.headers - >> Connection: Keep-Alive
15:53:23.993 [main] DEBUG org.apache.http.headers - >> User-Agent: Apache-HttpClient/4.5.13 (Java/19.0.2)
15:53:23.993 [main] DEBUG org.apache.http.headers - >> Accept-Encoding: gzip,deflate
15:53:24.067 [main] DEBUG org.apache.http.wire -  << "HTTP/1.1 200 OK[\r][\n]"
15:53:24.067 [main] DEBUG org.apache.http.wire -  << "content-type: application/json[\r][\n]"
15:53:24.067 [main] DEBUG org.apache.http.wire -  << "date: Wed, 10 May 2023 08:53:23 GMT[\r][\n]"
15:53:24.067 [main] DEBUG org.apache.http.wire -  << "content-encoding: gzip[\r][\n]"
15:53:24.067 [main] DEBUG org.apache.http.wire -  << "transfer-encoding: chunked[\r][\n]"
15:53:24.067 [main] DEBUG org.apache.http.wire -  << "server: Fly/3f2597ca (2023-05-03)[\r][\n]"
15:53:24.067 [main] DEBUG org.apache.http.wire -  << "via: 1.1 fly.io[\r][\n]"
15:53:24.067 [main] DEBUG org.apache.http.wire -  << "fly-request-id: 01H02DTYJKDK57TBH1XSPEZ308-sin[\r][\n]"
15:53:24.067 [main] DEBUG org.apache.http.wire -  << "[\r][\n]"
15:53:24.068 [main] DEBUG org.apache.http.impl.conn.DefaultClientConnection - Receiving response: HTTP/1.1 200 OK
15:53:24.068 [main] DEBUG org.apache.http.headers - << HTTP/1.1 200 OK
15:53:24.068 [main] DEBUG org.apache.http.headers - << content-type: application/json
15:53:24.068 [main] DEBUG org.apache.http.headers - << date: Wed, 10 May 2023 08:53:23 GMT
15:53:24.068 [main] DEBUG org.apache.http.headers - << content-encoding: gzip
15:53:24.068 [main] DEBUG org.apache.http.headers - << transfer-encoding: chunked
15:53:24.068 [main] DEBUG org.apache.http.headers - << server: Fly/3f2597ca (2023-05-03)
15:53:24.068 [main] DEBUG org.apache.http.headers - << via: 1.1 fly.io
15:53:24.068 [main] DEBUG org.apache.http.headers - << fly-request-id: 01H02DTYJKDK57TBH1XSPEZ308-sin
15:53:24.068 [main] DEBUG org.apache.http.impl.client.DefaultHttpClient - Connection can be kept alive indefinitely
15:53:24.069 [main] DEBUG io.restassured.internal.RestAssuredHttpBuilder - Parsing response as: application/json
15:53:24.069 [main] DEBUG org.apache.http.wire -  << "1F[\r][\n]"
15:53:24.069 [main] DEBUG org.apache.http.wire -  << "[0x1f][0x8b][0x8][0x0][0x0][0x0][0x0][0x0][0x4][0xff][0xab]VJI,IT[0xb2]2[0xad][0xe5][0x2][0x0][0x83]B[0x1e]G[0xb][0x0][0x0][0x0]"
15:53:24.069 [main] DEBUG org.apache.http.wire -  << "[\r][\n]"
15:53:24.070 [main] DEBUG org.apache.http.wire -  << "0[\r][\n]"
15:53:24.070 [main] DEBUG org.apache.http.wire -  << "[\r][\n]"
15:53:24.070 [main] DEBUG io.restassured.internal.RestAssuredHttpBuilder - Parsed data to instance of: class org.apache.http.conn.EofSensorInputStream
15:53:24.073 [main] DEBUG org.apache.http.impl.conn.BasicClientConnectionManager - Releasing connection org.apache.http.impl.conn.ManagedClientConnectionImpl@1d4c6e32
15:53:24.074 [main] DEBUG org.apache.http.impl.conn.BasicClientConnectionManager - Connection can be kept alive indefinitely
15:53:24.075 [main] DEBUG net.thucydides.core.steps.StepInterceptor - STEP DONE: I send GET HTTP request rating
  &amp#27;[32mWhen &amp#27;[0m&amp#27;[32mI send GET HTTP request rating&amp#27;[0m                &amp#27;[90m# starter.stepdefinitions.RatingSteps.sendGetHttpRequestRating()&amp#27;[0m
15:53:24.082 [main] DEBUG net.thucydides.core.steps.StepInterceptor - STARTING STEP: RatingSteps.receiveValidHttp200Rating - I receive valid HTTP response code 200 rating
15:53:24.083 [main] DEBUG net.thucydides.core.steps.StepInterceptor - STEP DONE: I receive valid HTTP response code 200 rating
  &amp#27;[32mThen &amp#27;[0m&amp#27;[32mI receive valid HTTP response code 200 rating&amp#27;[0m &amp#27;[90m# starter.stepdefinitions.RatingSteps.receiveValidHttp200Rating()&amp#27;[0m
15:53:24.088 [main] INFO  - 
  _____   ___   ___   _____     ___     _     ___   ___   ___   ___  
 |_   _| | __| / __| |_   _|   | _ \   /_\   / __| / __| | __| |   \ 
   | |   | _|  \__ \   | |     |  _/  / _ \  \__ \ \__ \ | _|  | |) |
   |_|   |___| |___/   |_|     |_|   /_/ \_\ |___/ |___/ |___| |___/ 

GET - Get product rating
----------------------------------------------------------------------
]]></system-out>
  </testcase>
</testsuite>